# JRE version: OpenJDK Runtime Environment Temurin-21.0.8+9 (21.0.8+9) (build 21.0.8+9-LTS)
# Java VM: OpenJDK 64-Bit Server VM Temurin-21.0.8+9 (21.0.8+9-LTS, mixed mode, sharing, tiered, compressed oops, compressed class ptrs, parallel gc, windows-amd64)
GC Precious Log:
 CardTable entry size: 512
 CPUs: 4 total, 4 available
 Memory: 3857M
 Large Page Support: Disabled
 NUMA Support: Disabled
 Compressed Oops: Enabled (32-bit)
 Alignments: Space 512K, Generation 512K, Heap 2M
 Heap Min Capacity: 100M
 Heap Initial Capacity: 100M
 Heap Max Capacity: 2G
 Pre-touch: Disabled
 Parallel Workers: 4
Heap:
 PSYoungGen      total 1536K, used 367K [0x00000000d5580000, 0x00000000d5980000, 0x0000000100000000)
  eden space 1024K, 23% used [0x00000000d5580000,0x00000000d55bbc90,0x00000000d5680000)
  from space 512K, 25% used [0x00000000d5880000,0x00000000d58a0000,0x00000000d5900000)
  to   space 512K, 0% used [0x00000000d5900000,0x00000000d5900000,0x00000000d5980000)
 ParOldGen       total 930304K, used 930017K [0x0000000080000000, 0x00000000b8c80000, 0x00000000d5580000)
  object space 930304K, 99% used [0x0000000080000000,0x00000000b8c385b8,0x00000000b8c80000)
 Metaspace       used 74969K, committed 76672K, reserved 1179648K
  class space    used 7795K, committed 8512K, reserved 1048576K
GC Heap History (20 events):
Event: 220.583 GC heap before
{Heap before GC invocations=1915 (full 3):
 PSYoungGen      total 2048K, used 1851K [0x00000000d5580000, 0x00000000d5a80000, 0x0000000100000000)
  eden space 1024K, 100% used [0x00000000d5580000,0x00000000d5680000,0x00000000d5680000)
  from space 1024K, 80% used [0x00000000d5880000,0x00000000d594ec40,0x00000000d5980000)
  to   space 1024K, 0% used [0x00000000d5980000,0x00000000d5980000,0x00000000d5a80000)
 ParOldGen       total 925696K, used 925600K [0x0000000080000000, 0x00000000b8800000, 0x00000000d5580000)
  object space 925696K, 99% used [0x0000000080000000,0x00000000b87e8118,0x00000000b8800000)
 Metaspace       used 74833K, committed 76544K, reserved 1179648K
  class space    used 7769K, committed 8512K, reserved 1048576K
}
Event: 220.586 GC heap after
{Heap after GC invocations=1915 (full 3):
 PSYoungGen      total 2048K, used 754K [0x00000000d5580000, 0x00000000d5a80000, 0x0000000100000000)
  eden space 1024K, 0% used [0x00000000d5580000,0x00000000d5580000,0x00000000d5680000)
  from space 1024K, 73% used [0x00000000d5980000,0x00000000d5a3c838,0x00000000d5a80000)
  to   space 1024K, 0% used [0x00000000d5880000,0x00000000d5880000,0x00000000d5980000)
 ParOldGen       total 926720K, used 926330K [0x0000000080000000, 0x00000000b8900000, 0x00000000d5580000)
  object space 926720K, 99% used [0x0000000080000000,0x00000000b889e8a8,0x00000000b8900000)
 Metaspace       used 74833K, committed 76544K, reserved 1179648K
  class space    used 7769K, committed 8512K, reserved 1048576K
}
Event: 220.662 GC heap before
{Heap before GC invocations=1916 (full 3):
 PSYoungGen      total 2048K, used 1778K [0x00000000d5580000, 0x00000000d5a80000, 0x0000000100000000)
  eden space 1024K, 100% used [0x00000000d5580000,0x00000000d5680000,0x00000000d5680000)
  from space 1024K, 73% used [0x00000000d5980000,0x00000000d5a3c838,0x00000000d5a80000)
  to   space 1024K, 0% used [0x00000000d5880000,0x00000000d5880000,0x00000000d5980000)
 ParOldGen       total 926720K, used 926330K [0x0000000080000000, 0x00000000b8900000, 0x00000000d5580000)
  object space 926720K, 99% used [0x0000000080000000,0x00000000b889e8a8,0x00000000b8900000)
 Metaspace       used 74833K, committed 76544K, reserved 1179648K
  class space    used 7769K, committed 8512K, reserved 1048576K
}
Event: 220.668 GC heap after
{Heap after GC invocations=1916 (full 3):
 PSYoungGen      total 2048K, used 793K [0x00000000d5580000, 0x00000000d5a00000, 0x0000000100000000)
  eden space 1024K, 0% used [0x00000000d5580000,0x00000000d5580000,0x00000000d5680000)
  from space 1024K, 77% used [0x00000000d5880000,0x00000000d5946738,0x00000000d5980000)
  to   space 512K, 0% used [0x00000000d5980000,0x00000000d5980000,0x00000000d5a00000)
 ParOldGen       total 927232K, used 927004K [0x0000000080000000, 0x00000000b8980000, 0x00000000d5580000)
  object space 927232K, 99% used [0x0000000080000000,0x00000000b89473c8,0x00000000b8980000)
 Metaspace       used 74833K, committed 76544K, reserved 1179648K
  class space    used 7769K, committed 8512K, reserved 1048576K
}
Event: 220.862 GC heap before
{Heap before GC invocations=1917 (full 3):
 PSYoungGen      total 2048K, used 1807K [0x00000000d5580000, 0x00000000d5a00000, 0x0000000100000000)
  eden space 1024K, 98% used [0x00000000d5580000,0x00000000d567d608,0x00000000d5680000)
  from space 1024K, 77% used [0x00000000d5880000,0x00000000d5946738,0x00000000d5980000)
  to   space 512K, 0% used [0x00000000d5980000,0x00000000d5980000,0x00000000d5a00000)
 ParOldGen       total 927232K, used 927004K [0x0000000080000000, 0x00000000b8980000, 0x00000000d5580000)
  object space 927232K, 99% used [0x0000000080000000,0x00000000b89473c8,0x00000000b8980000)
 Metaspace       used 74834K, committed 76544K, reserved 1179648K
  class space    used 7769K, committed 8512K, reserved 1048576K
}
Event: 220.868 GC heap after
{Heap after GC invocations=1917 (full 3):
 PSYoungGen      total 1536K, used 448K [0x00000000d5580000, 0x00000000d5a00000, 0x0000000100000000)
  eden space 1024K, 0% used [0x00000000d5580000,0x00000000d5580000,0x00000000d5680000)
  from space 512K, 87% used [0x00000000d5980000,0x00000000d59f0160,0x00000000d5a00000)
  to   space 1024K, 0% used [0x00000000d5800000,0x00000000d5800000,0x00000000d5900000)
 ParOldGen       total 927744K, used 927509K [0x0000000080000000, 0x00000000b8a00000, 0x00000000d5580000)
  object space 927744K, 99% used [0x0000000080000000,0x00000000b89c57f8,0x00000000b8a00000)
 Metaspace       used 74834K, committed 76544K, reserved 1179648K
  class space    used 7769K, committed 8512K, reserved 1048576K
}
Event: 221.136 GC heap before
{Heap before GC invocations=1918 (full 3):
 PSYoungGen      total 1536K, used 1472K [0x00000000d5580000, 0x00000000d5a00000, 0x0000000100000000)
  eden space 1024K, 99% used [0x00000000d5580000,0x00000000d567ffd8,0x00000000d5680000)
  from space 512K, 87% used [0x00000000d5980000,0x00000000d59f0160,0x00000000d5a00000)
  to   space 1024K, 0% used [0x00000000d5800000,0x00000000d5800000,0x00000000d5900000)
 ParOldGen       total 927744K, used 927509K [0x0000000080000000, 0x00000000b8a00000, 0x00000000d5580000)
  object space 927744K, 99% used [0x0000000080000000,0x00000000b89c57f8,0x00000000b8a00000)
 Metaspace       used 74912K, committed 76608K, reserved 1179648K
  class space    used 7791K, committed 8512K, reserved 1048576K
}
Event: 221.144 GC heap after
{Heap after GC invocations=1918 (full 3):
 PSYoungGen      total 2048K, used 544K [0x00000000d5580000, 0x00000000d5a00000, 0x0000000100000000)
  eden space 1024K, 0% used [0x00000000d5580000,0x00000000d5580000,0x00000000d5680000)
  from space 1024K, 53% used [0x00000000d5800000,0x00000000d5888000,0x00000000d5900000)
  to   space 1024K, 0% used [0x00000000d5900000,0x00000000d5900000,0x00000000d5a00000)
 ParOldGen       total 928256K, used 927869K [0x0000000080000000, 0x00000000b8a80000, 0x00000000d5580000)
  object space 928256K, 99% used [0x0000000080000000,0x00000000b8a1f468,0x00000000b8a80000)
 Metaspace       used 74912K, committed 76608K, reserved 1179648K
  class space    used 7791K, committed 8512K, reserved 1048576K
}
Event: 221.224 GC heap before
{Heap before GC invocations=1919 (full 3):
 PSYoungGen      total 2048K, used 1568K [0x00000000d5580000, 0x00000000d5a00000, 0x0000000100000000)
  eden space 1024K, 100% used [0x00000000d5580000,0x00000000d5680000,0x00000000d5680000)
  from space 1024K, 53% used [0x00000000d5800000,0x00000000d5888000,0x00000000d5900000)
  to   space 1024K, 0% used [0x00000000d5900000,0x00000000d5900000,0x00000000d5a00000)
 ParOldGen       total 928256K, used 927869K [0x0000000080000000, 0x00000000b8a80000, 0x00000000d5580000)
  object space 928256K, 99% used [0x0000000080000000,0x00000000b8a1f468,0x00000000b8a80000)
 Metaspace       used 74919K, committed 76608K, reserved 1179648K
  class space    used 7792K, committed 8512K, reserved 1048576K
}
Event: 221.229 GC heap after
{Heap after GC invocations=1919 (full 3):
 PSYoungGen      total 2048K, used 896K [0x00000000d5580000, 0x00000000d5a00000, 0x0000000100000000)
  eden space 1024K, 0% used [0x00000000d5580000,0x00000000d5580000,0x00000000d5680000)
  from space 1024K, 87% used [0x00000000d5900000,0x00000000d59e0000,0x00000000d5a00000)
  to   space 1024K, 0% used [0x00000000d5800000,0x00000000d5800000,0x00000000d5900000)
 ParOldGen       total 928768K, used 928339K [0x0000000080000000, 0x00000000b8b00000, 0x00000000d5580000)
  object space 928768K, 99% used [0x0000000080000000,0x00000000b8a94f28,0x00000000b8b00000)
 Metaspace       used 74919K, committed 76608K, reserved 1179648K
  class space    used 7792K, committed 8512K, reserved 1048576K
}
Event: 221.343 GC heap before
{Heap before GC invocations=1920 (full 3):
 PSYoungGen      total 2048K, used 1920K [0x00000000d5580000, 0x00000000d5a00000, 0x0000000100000000)
  eden space 1024K, 100% used [0x00000000d5580000,0x00000000d5680000,0x00000000d5680000)
  from space 1024K, 87% used [0x00000000d5900000,0x00000000d59e0000,0x00000000d5a00000)
  to   space 1024K, 0% used [0x00000000d5800000,0x00000000d5800000,0x00000000d5900000)
 ParOldGen       total 928768K, used 928339K [0x0000000080000000, 0x00000000b8b00000, 0x00000000d5580000)
  object space 928768K, 99% used [0x0000000080000000,0x00000000b8a94f28,0x00000000b8b00000)
 Metaspace       used 74927K, committed 76608K, reserved 1179648K
  class space    used 7793K, committed 8512K, reserved 1048576K
}
Event: 221.350 GC heap after
{Heap after GC invocations=1920 (full 3):
 PSYoungGen      total 2048K, used 544K [0x00000000d5580000, 0x00000000d5980000, 0x0000000100000000)
  eden space 1024K, 0% used [0x00000000d5580000,0x00000000d5580000,0x00000000d5680000)
  from space 1024K, 53% used [0x00000000d5800000,0x00000000d5888000,0x00000000d5900000)
  to   space 512K, 0% used [0x00000000d5900000,0x00000000d5900000,0x00000000d5980000)
 ParOldGen       total 929280K, used 929162K [0x0000000080000000, 0x00000000b8b80000, 0x00000000d5580000)
  object space 929280K, 99% used [0x0000000080000000,0x00000000b8b62b20,0x00000000b8b80000)
 Metaspace       used 74927K, committed 76608K, reserved 1179648K
  class space    used 7793K, committed 8512K, reserved 1048576K
}
Event: 221.401 GC heap before
{Heap before GC invocations=1921 (full 3):
 PSYoungGen      total 2048K, used 1543K [0x00000000d5580000, 0x00000000d5980000, 0x0000000100000000)
  eden space 1024K, 97% used [0x00000000d5580000,0x00000000d5679df0,0x00000000d5680000)
  from space 1024K, 53% used [0x00000000d5800000,0x00000000d5888000,0x00000000d5900000)
  to   space 512K, 0% used [0x00000000d5900000,0x00000000d5900000,0x00000000d5980000)
 ParOldGen       total 929280K, used 929162K [0x0000000080000000, 0x00000000b8b80000, 0x00000000d5580000)
  object space 929280K, 99% used [0x0000000080000000,0x00000000b8b62b20,0x00000000b8b80000)
 Metaspace       used 74929K, committed 76608K, reserved 1179648K
  class space    used 7793K, committed 8512K, reserved 1048576K
}
Event: 221.406 GC heap after
{Heap after GC invocations=1921 (full 3):
 PSYoungGen      total 1536K, used 388K [0x00000000d5580000, 0x00000000d5980000, 0x0000000100000000)
  eden space 1024K, 0% used [0x00000000d5580000,0x00000000d5580000,0x00000000d5680000)
  from space 512K, 75% used [0x00000000d5900000,0x00000000d5961300,0x00000000d5980000)
  to   space 512K, 0% used [0x00000000d5880000,0x00000000d5880000,0x00000000d5900000)
 ParOldGen       total 929792K, used 929642K [0x0000000080000000, 0x00000000b8c00000, 0x00000000d5580000)
  object space 929792K, 99% used [0x0000000080000000,0x00000000b8bdab20,0x00000000b8c00000)
 Metaspace       used 74929K, committed 76608K, reserved 1179648K
  class space    used 7793K, committed 8512K, reserved 1048576K
}
Event: 221.677 GC heap before
{Heap before GC invocations=1922 (full 3):
 PSYoungGen      total 1536K, used 1412K [0x00000000d5580000, 0x00000000d5980000, 0x0000000100000000)
  eden space 1024K, 100% used [0x00000000d5580000,0x00000000d5680000,0x00000000d5680000)
  from space 512K, 75% used [0x00000000d5900000,0x00000000d5961300,0x00000000d5980000)
  to   space 512K, 0% used [0x00000000d5880000,0x00000000d5880000,0x00000000d5900000)
 ParOldGen       total 929792K, used 929642K [0x0000000080000000, 0x00000000b8c00000, 0x00000000d5580000)
  object space 929792K, 99% used [0x0000000080000000,0x00000000b8bdab20,0x00000000b8c00000)
 Metaspace       used 74947K, committed 76608K, reserved 1179648K
  class space    used 7793K, committed 8512K, reserved 1048576K
}
Event: 221.687 GC heap after
{Heap after GC invocations=1922 (full 3):
 PSYoungGen      total 1536K, used 224K [0x00000000d5580000, 0x00000000d5980000, 0x0000000100000000)
  eden space 1024K, 0% used [0x00000000d5580000,0x00000000d5580000,0x00000000d5680000)
  from space 512K, 43% used [0x00000000d5880000,0x00000000d58b8000,0x00000000d5900000)
  to   space 512K, 0% used [0x00000000d5900000,0x00000000d5900000,0x00000000d5980000)
 ParOldGen       total 930304K, used 929889K [0x0000000080000000, 0x00000000b8c80000, 0x00000000d5580000)
  object space 930304K, 99% used [0x0000000080000000,0x00000000b8c185b8,0x00000000b8c80000)
 Metaspace       used 74947K, committed 76608K, reserved 1179648K
  class space    used 7793K, committed 8512K, reserved 1048576K
}
Event: 222.031 GC heap before
{Heap before GC invocations=1923 (full 3):
 PSYoungGen      total 1536K, used 1247K [0x00000000d5580000, 0x00000000d5980000, 0x0000000100000000)
  eden space 1024K, 99% used [0x00000000d5580000,0x00000000d567ffa8,0x00000000d5680000)
  from space 512K, 43% used [0x00000000d5880000,0x00000000d58b8000,0x00000000d5900000)
  to   space 512K, 0% used [0x00000000d5900000,0x00000000d5900000,0x00000000d5980000)
 ParOldGen       total 930304K, used 929889K [0x0000000080000000, 0x00000000b8c80000, 0x00000000d5580000)
  object space 930304K, 99% used [0x0000000080000000,0x00000000b8c185b8,0x00000000b8c80000)
 Metaspace       used 74957K, committed 76608K, reserved 1179648K
  class space    used 7795K, committed 8512K, reserved 1048576K
}
Event: 222.035 GC heap after
{Heap after GC invocations=1923 (full 3):
 PSYoungGen      total 1536K, used 162K [0x00000000d5580000, 0x00000000d5980000, 0x0000000100000000)
  eden space 1024K, 0% used [0x00000000d5580000,0x00000000d5580000,0x00000000d5680000)
  from space 512K, 31% used [0x00000000d5900000,0x00000000d5928b90,0x00000000d5980000)
  to   space 512K, 0% used [0x00000000d5880000,0x00000000d5880000,0x00000000d5900000)
 ParOldGen       total 930304K, used 929993K [0x0000000080000000, 0x00000000b8c80000, 0x00000000d5580000)
  object space 930304K, 99% used [0x0000000080000000,0x00000000b8c325b8,0x00000000b8c80000)
 Metaspace       used 74957K, committed 76608K, reserved 1179648K
  class space    used 7795K, committed 8512K, reserved 1048576K
}
Event: 231.997 GC heap before
{Heap before GC invocations=1924 (full 3):
 PSYoungGen      total 1536K, used 1186K [0x00000000d5580000, 0x00000000d5980000, 0x0000000100000000)
  eden space 1024K, 100% used [0x00000000d5580000,0x00000000d5680000,0x00000000d5680000)
  from space 512K, 31% used [0x00000000d5900000,0x00000000d5928b90,0x00000000d5980000)
  to   space 512K, 0% used [0x00000000d5880000,0x00000000d5880000,0x00000000d5900000)
 ParOldGen       total 930304K, used 929993K [0x0000000080000000, 0x00000000b8c80000, 0x00000000d5580000)
  object space 930304K, 99% used [0x0000000080000000,0x00000000b8c325b8,0x00000000b8c80000)
 Metaspace       used 74959K, committed 76608K, reserved 1179648K
  class space    used 7795K, committed 8512K, reserved 1048576K
}
Event: 232.324 GC heap after
{Heap after GC invocations=1924 (full 3):
 PSYoungGen      total 1536K, used 128K [0x00000000d5580000, 0x00000000d5980000, 0x0000000100000000)
  eden space 1024K, 0% used [0x00000000d5580000,0x00000000d5580000,0x00000000d5680000)
  from space 512K, 25% used [0x00000000d5880000,0x00000000d58a0000,0x00000000d5900000)
  to   space 512K, 0% used [0x00000000d5900000,0x00000000d5900000,0x00000000d5980000)
 ParOldGen       total 930304K, used 930017K [0x0000000080000000, 0x00000000b8c80000, 0x00000000d5580000)
  object space 930304K, 99% used [0x0000000080000000,0x00000000b8c385b8,0x00000000b8c80000)
 Metaspace       used 74959K, committed 76608K, reserved 1179648K
  class space    used 7795K, committed 8512K, reserved 1048576K
}

