# JRE version: Java(TM) SE Runtime Environment (21.0.5+9) (build 21.0.5+9-LTS-239)
# Java VM: Java HotSpot(TM) 64-Bit Server VM (21.0.5+9-LTS-239, mixed mode, sharing, tiered, compressed oops, compressed class ptrs, g1 gc, windows-amd64)
GC Precious Log:
 CardTable entry size: 512
 Card Set container configuration: InlinePtr #cards 5 size 8 Array Of Cards #cards 12 size 40 Howl #buckets 4 coarsen threshold 1843 Howl Bitmap #cards 512 size 80 coarsen threshold 460 Card regions per heap region 1 cards per card region 2048
 CPUs: 4 total, 4 available
 Memory: 3857M
 Large Page Support: Disabled
 NUMA Support: Disabled
 Compressed Oops: Enabled (32-bit)
 Heap Region Size: 1M
 Heap Min Capacity: 8M
 Heap Initial Capacity: 62M
 Heap Max Capacity: 966M
 Pre-touch: Disabled
 Parallel Workers: 4
 Concurrent Workers: 1
 Concurrent Refinement Workers: 4
 Periodic GC: Disabled
Heap:
 garbage-first heap   total 63488K, used 17016K [0x00000000c3a00000, 0x0000000100000000)
  region size 1024K, 12 young (12288K), 4 survivors (4096K)
 Metaspace       used 15822K, committed 16192K, reserved 1114112K
  class space    used 1958K, committed 2112K, reserved 1048576K
GC Heap History (6 events):
Event: 4.101 GC heap before
{Heap before GC invocations=0 (full 0):
 garbage-first heap   total 63488K, used 15360K [0x00000000c3a00000, 0x0000000100000000)
  region size 1024K, 13 young (13312K), 0 survivors (0K)
 Metaspace       used 3076K, committed 3200K, reserved 1114112K
  class space    used 320K, committed 384K, reserved 1048576K
}
Event: 4.129 GC heap after
{Heap after GC invocations=1 (full 0):
 garbage-first heap   total 63488K, used 7014K [0x00000000c3a00000, 0x0000000100000000)
  region size 1024K, 2 young (2048K), 2 survivors (2048K)
 Metaspace       used 3076K, committed 3200K, reserved 1114112K
  class space    used 320K, committed 384K, reserved 1048576K
}
Event: 5.520 GC heap before
{Heap before GC invocations=1 (full 0):
 garbage-first heap   total 63488K, used 19302K [0x00000000c3a00000, 0x0000000100000000)
  region size 1024K, 14 young (14336K), 2 survivors (2048K)
 Metaspace       used 6713K, committed 7040K, reserved 1114112K
  class space    used 814K, committed 960K, reserved 1048576K
}
Event: 5.527 GC heap after
{Heap after GC invocations=2 (full 0):
 garbage-first heap   total 63488K, used 8415K [0x00000000c3a00000, 0x0000000100000000)
  region size 1024K, 2 young (2048K), 2 survivors (2048K)
 Metaspace       used 6713K, committed 7040K, reserved 1114112K
  class space    used 814K, committed 960K, reserved 1048576K
}
Event: 7.625 GC heap before
{Heap before GC invocations=2 (full 0):
 garbage-first heap   total 63488K, used 32991K [0x00000000c3a00000, 0x0000000100000000)
  region size 1024K, 27 young (27648K), 2 survivors (2048K)
 Metaspace       used 13838K, committed 14144K, reserved 1114112K
  class space    used 1688K, committed 1856K, reserved 1048576K
}
Event: 7.631 GC heap after
{Heap after GC invocations=3 (full 0):
 garbage-first heap   total 63488K, used 10872K [0x00000000c3a00000, 0x0000000100000000)
  region size 1024K, 4 young (4096K), 4 survivors (4096K)
 Metaspace       used 13838K, committed 14144K, reserved 1114112K
  class space    used 1688K, committed 1856K, reserved 1048576K
}

