# JRE version: Java(TM) SE Runtime Environment (21.0.5+9) (build 21.0.5+9-LTS-239)
# Java VM: Java HotSpot(TM) 64-Bit Server VM (21.0.5+9-LTS-239, mixed mode, sharing, tiered, compressed oops, compressed class ptrs, g1 gc, windows-amd64)
GC Precious Log:
 CardTable entry size: 512
 Card Set container configuration: InlinePtr #cards 5 size 8 Array Of Cards #cards 12 size 40 Howl #buckets 4 coarsen threshold 1843 Howl Bitmap #cards 512 size 80 coarsen threshold 460 Card regions per heap region 1 cards per card region 2048
 CPUs: 4 total, 4 available
 Memory: 3857M
 Large Page Support: Disabled
 NUMA Support: Disabled
 Compressed Oops: Enabled (32-bit)
 Heap Region Size: 1M
 Heap Min Capacity: 8M
 Heap Initial Capacity: 62M
 Heap Max Capacity: 966M
 Pre-touch: Disabled
 Parallel Workers: 4
 Concurrent Workers: 1
 Concurrent Refinement Workers: 4
 Periodic GC: Disabled
Heap:
 garbage-first heap   total 58368K, used 29425K [0x00000000c3a00000, 0x0000000100000000)
  region size 1024K, 5 young (5120K), 3 survivors (3072K)
 Metaspace       used 59600K, committed 60288K, reserved 1114112K
  class space    used 7881K, committed 8192K, reserved 1048576K
GC Heap History (20 events):
Event: 4.407 GC heap before
{Heap before GC invocations=2 (full 0):
 garbage-first heap   total 63488K, used 32199K [0x00000000c3a00000, 0x0000000100000000)
  region size 1024K, 26 young (26624K), 2 survivors (2048K)
 Metaspace       used 13246K, committed 13568K, reserved 1114112K
  class space    used 1606K, committed 1792K, reserved 1048576K
}
Event: 4.412 GC heap after
{Heap after GC invocations=3 (full 0):
 garbage-first heap   total 63488K, used 10902K [0x00000000c3a00000, 0x0000000100000000)
  region size 1024K, 4 young (4096K), 4 survivors (4096K)
 Metaspace       used 13246K, committed 13568K, reserved 1114112K
  class space    used 1606K, committed 1792K, reserved 1048576K
}
Event: 6.554 GC heap before
{Heap before GC invocations=3 (full 0):
 garbage-first heap   total 63488K, used 41622K [0x00000000c3a00000, 0x0000000100000000)
  region size 1024K, 35 young (35840K), 4 survivors (4096K)
 Metaspace       used 19285K, committed 19648K, reserved 1114112K
  class space    used 2336K, committed 2496K, reserved 1048576K
}
Event: 6.565 GC heap after
{Heap after GC invocations=4 (full 0):
 garbage-first heap   total 63488K, used 14485K [0x00000000c3a00000, 0x0000000100000000)
  region size 1024K, 5 young (5120K), 5 survivors (5120K)
 Metaspace       used 19285K, committed 19648K, reserved 1114112K
  class space    used 2336K, committed 2496K, reserved 1048576K
}
Event: 7.330 GC heap before
{Heap before GC invocations=4 (full 0):
 garbage-first heap   total 63488K, used 30869K [0x00000000c3a00000, 0x0000000100000000)
  region size 1024K, 22 young (22528K), 5 survivors (5120K)
 Metaspace       used 21119K, committed 21504K, reserved 1114112K
  class space    used 2556K, committed 2752K, reserved 1048576K
}
Event: 7.345 GC heap after
{Heap after GC invocations=5 (full 0):
 garbage-first heap   total 63488K, used 15730K [0x00000000c3a00000, 0x0000000100000000)
  region size 1024K, 2 young (2048K), 2 survivors (2048K)
 Metaspace       used 21119K, committed 21504K, reserved 1114112K
  class space    used 2556K, committed 2752K, reserved 1048576K
}
Event: 9.562 GC heap before
{Heap before GC invocations=6 (full 0):
 garbage-first heap   total 58368K, used 48498K [0x00000000c3a00000, 0x0000000100000000)
  region size 1024K, 34 young (34816K), 2 survivors (2048K)
 Metaspace       used 26044K, committed 26496K, reserved 1114112K
  class space    used 3195K, committed 3456K, reserved 1048576K
}
Event: 9.577 GC heap after
{Heap after GC invocations=7 (full 0):
 garbage-first heap   total 58368K, used 18793K [0x00000000c3a00000, 0x0000000100000000)
  region size 1024K, 5 young (5120K), 5 survivors (5120K)
 Metaspace       used 26044K, committed 26496K, reserved 1114112K
  class space    used 3195K, committed 3456K, reserved 1048576K
}
Event: 13.112 GC heap before
{Heap before GC invocations=7 (full 0):
 garbage-first heap   total 58368K, used 47465K [0x00000000c3a00000, 0x0000000100000000)
  region size 1024K, 33 young (33792K), 5 survivors (5120K)
 Metaspace       used 32382K, committed 33024K, reserved 1114112K
  class space    used 4059K, committed 4352K, reserved 1048576K
}
Event: 13.133 GC heap after
{Heap after GC invocations=8 (full 0):
 garbage-first heap   total 58368K, used 21968K [0x00000000c3a00000, 0x0000000100000000)
  region size 1024K, 4 young (4096K), 4 survivors (4096K)
 Metaspace       used 32382K, committed 33024K, reserved 1114112K
  class space    used 4059K, committed 4352K, reserved 1048576K
}
Event: 14.371 GC heap before
{Heap before GC invocations=8 (full 0):
 garbage-first heap   total 58368K, used 30160K [0x00000000c3a00000, 0x0000000100000000)
  region size 1024K, 14 young (14336K), 4 survivors (4096K)
 Metaspace       used 35408K, committed 35968K, reserved 1114112K
  class space    used 4450K, committed 4736K, reserved 1048576K
}
Event: 14.376 GC heap after
{Heap after GC invocations=9 (full 0):
 garbage-first heap   total 58368K, used 22613K [0x00000000c3a00000, 0x0000000100000000)
  region size 1024K, 1 young (1024K), 1 survivors (1024K)
 Metaspace       used 35408K, committed 35968K, reserved 1114112K
  class space    used 4450K, committed 4736K, reserved 1048576K
}
Event: 17.698 GC heap before
{Heap before GC invocations=10 (full 0):
 garbage-first heap   total 58368K, used 49237K [0x00000000c3a00000, 0x0000000100000000)
  region size 1024K, 27 young (27648K), 1 survivors (1024K)
 Metaspace       used 43011K, committed 43648K, reserved 1114112K
  class space    used 5538K, committed 5824K, reserved 1048576K
}
Event: 17.704 GC heap after
{Heap after GC invocations=11 (full 0):
 garbage-first heap   total 58368K, used 24790K [0x00000000c3a00000, 0x0000000100000000)
  region size 1024K, 3 young (3072K), 3 survivors (3072K)
 Metaspace       used 43011K, committed 43648K, reserved 1114112K
  class space    used 5538K, committed 5824K, reserved 1048576K
}
Event: 19.534 GC heap before
{Heap before GC invocations=11 (full 0):
 garbage-first heap   total 58368K, used 48342K [0x00000000c3a00000, 0x0000000100000000)
  region size 1024K, 27 young (27648K), 3 survivors (3072K)
 Metaspace       used 49970K, committed 50624K, reserved 1114112K
  class space    used 6439K, committed 6720K, reserved 1048576K
}
Event: 19.541 GC heap after
{Heap after GC invocations=12 (full 0):
 garbage-first heap   total 58368K, used 26247K [0x00000000c3a00000, 0x0000000100000000)
  region size 1024K, 2 young (2048K), 2 survivors (2048K)
 Metaspace       used 49970K, committed 50624K, reserved 1114112K
  class space    used 6439K, committed 6720K, reserved 1048576K
}
Event: 21.967 GC heap before
{Heap before GC invocations=12 (full 0):
 garbage-first heap   total 58368K, used 49799K [0x00000000c3a00000, 0x0000000100000000)
  region size 1024K, 26 young (26624K), 2 survivors (2048K)
 Metaspace       used 56364K, committed 57024K, reserved 1114112K
  class space    used 7448K, committed 7744K, reserved 1048576K
}
Event: 21.971 GC heap after
{Heap after GC invocations=13 (full 0):
 garbage-first heap   total 58368K, used 27174K [0x00000000c3a00000, 0x0000000100000000)
  region size 1024K, 3 young (3072K), 3 survivors (3072K)
 Metaspace       used 56364K, committed 57024K, reserved 1114112K
  class space    used 7448K, committed 7744K, reserved 1048576K
}
Event: 25.790 GC heap before
{Heap before GC invocations=13 (full 0):
 garbage-first heap   total 58368K, used 40486K [0x00000000c3a00000, 0x0000000100000000)
  region size 1024K, 17 young (17408K), 3 survivors (3072K)
 Metaspace       used 59493K, committed 60096K, reserved 1114112K
  class space    used 7846K, committed 8128K, reserved 1048576K
}
Event: 25.806 GC heap after
{Heap after GC invocations=14 (full 0):
 garbage-first heap   total 58368K, used 28401K [0x00000000c3a00000, 0x0000000100000000)
  region size 1024K, 3 young (3072K), 3 survivors (3072K)
 Metaspace       used 59493K, committed 60096K, reserved 1114112K
  class space    used 7846K, committed 8128K, reserved 1048576K
}

