# JRE version: OpenJDK Runtime Environment Temurin-21.0.8+9 (21.0.8+9) (build 21.0.8+9-LTS)
# Java VM: OpenJDK 64-Bit Server VM Temurin-21.0.8+9 (21.0.8+9-LTS, mixed mode, sharing, tiered, compressed oops, compressed class ptrs, parallel gc, windows-amd64)
GC Precious Log:
 CardTable entry size: 512
 CPUs: 4 total, 4 available
 Memory: 3857M
 Large Page Support: Disabled
 NUMA Support: Disabled
 Compressed Oops: Enabled (32-bit)
 Alignments: Space 512K, Generation 512K, Heap 2M
 Heap Min Capacity: 100M
 Heap Initial Capacity: 100M
 Heap Max Capacity: 2G
 Pre-touch: Disabled
 Parallel Workers: 4
Heap:
 PSYoungGen      total 3584K, used 2970K [0x00000000d5580000, 0x00000000d5a80000, 0x0000000100000000)
  eden space 3072K, 80% used [0x00000000d5580000,0x00000000d57eab10,0x00000000d5880000)
  from space 512K, 96% used [0x00000000d5900000,0x00000000d597c010,0x00000000d5980000)
  to   space 1024K, 0% used [0x00000000d5980000,0x00000000d5980000,0x00000000d5a80000)
 ParOldGen       total 1377280K, used 1377066K [0x0000000080000000, 0x00000000d4100000, 0x00000000d5580000)
  object space 1377280K, 99% used [0x0000000080000000,0x00000000d40cab18,0x00000000d4100000)
 Metaspace       used 99294K, committed 100992K, reserved 1179648K
  class space    used 9928K, committed 10688K, reserved 1048576K
GC Heap History (20 events):
Event: 25282.850 GC heap before
{Heap before GC invocations=5312 (full 8):
 PSYoungGen      total 5120K, used 4078K [0x00000000d5580000, 0x00000000d5c00000, 0x0000000100000000)
  eden space 3584K, 95% used [0x00000000d5580000,0x00000000d58db8d0,0x00000000d5900000)
  from space 1536K, 41% used [0x00000000d5900000,0x00000000d59a0000,0x00000000d5a80000)
  to   space 1024K, 0% used [0x00000000d5b00000,0x00000000d5b00000,0x00000000d5c00000)
 ParOldGen       total 1370624K, used 1370595K [0x0000000080000000, 0x00000000d3a80000, 0x00000000d5580000)
  object space 1370624K, 99% used [0x0000000080000000,0x00000000d3a78e38,0x00000000d3a80000)
 Metaspace       used 99293K, committed 100992K, reserved 1179648K
  class space    used 9928K, committed 10688K, reserved 1048576K
}
Event: 25282.861 GC heap after
{Heap after GC invocations=5312 (full 8):
 PSYoungGen      total 3584K, used 992K [0x00000000d5580000, 0x00000000d5f00000, 0x0000000100000000)
  eden space 2560K, 0% used [0x00000000d5580000,0x00000000d5580000,0x00000000d5800000)
  from space 1024K, 96% used [0x00000000d5b00000,0x00000000d5bf8270,0x00000000d5c00000)
  to   space 3072K, 0% used [0x00000000d5800000,0x00000000d5800000,0x00000000d5b00000)
 ParOldGen       total 1372672K, used 1372312K [0x0000000080000000, 0x00000000d3c80000, 0x00000000d5580000)
  object space 1372672K, 99% used [0x0000000080000000,0x00000000d3c26068,0x00000000d3c80000)
 Metaspace       used 99293K, committed 100992K, reserved 1179648K
  class space    used 9928K, committed 10688K, reserved 1048576K
}
Event: 25283.099 GC heap before
{Heap before GC invocations=5313 (full 8):
 PSYoungGen      total 3584K, used 3552K [0x00000000d5580000, 0x00000000d5f00000, 0x0000000100000000)
  eden space 2560K, 100% used [0x00000000d5580000,0x00000000d5800000,0x00000000d5800000)
  from space 1024K, 96% used [0x00000000d5b00000,0x00000000d5bf8270,0x00000000d5c00000)
  to   space 3072K, 0% used [0x00000000d5800000,0x00000000d5800000,0x00000000d5b00000)
 ParOldGen       total 1372672K, used 1372312K [0x0000000080000000, 0x00000000d3c80000, 0x00000000d5580000)
  object space 1372672K, 99% used [0x0000000080000000,0x00000000d3c26068,0x00000000d3c80000)
 Metaspace       used 99293K, committed 100992K, reserved 1179648K
  class space    used 9928K, committed 10688K, reserved 1048576K
}
Event: 25283.122 GC heap after
{Heap after GC invocations=5313 (full 8):
 PSYoungGen      total 4096K, used 1101K [0x00000000d5580000, 0x00000000d5c00000, 0x0000000100000000)
  eden space 2560K, 0% used [0x00000000d5580000,0x00000000d5580000,0x00000000d5800000)
  from space 1536K, 71% used [0x00000000d5800000,0x00000000d5913708,0x00000000d5980000)
  to   space 2048K, 0% used [0x00000000d5a00000,0x00000000d5a00000,0x00000000d5c00000)
 ParOldGen       total 1373696K, used 1373304K [0x0000000080000000, 0x00000000d3d80000, 0x00000000d5580000)
  object space 1373696K, 99% used [0x0000000080000000,0x00000000d3d1e2b8,0x00000000d3d80000)
 Metaspace       used 99293K, committed 100992K, reserved 1179648K
  class space    used 9928K, committed 10688K, reserved 1048576K
}
Event: 25283.169 GC heap before
{Heap before GC invocations=5314 (full 8):
 PSYoungGen      total 4096K, used 3661K [0x00000000d5580000, 0x00000000d5c00000, 0x0000000100000000)
  eden space 2560K, 100% used [0x00000000d5580000,0x00000000d5800000,0x00000000d5800000)
  from space 1536K, 71% used [0x00000000d5800000,0x00000000d5913708,0x00000000d5980000)
  to   space 2048K, 0% used [0x00000000d5a00000,0x00000000d5a00000,0x00000000d5c00000)
 ParOldGen       total 1373696K, used 1373304K [0x0000000080000000, 0x00000000d3d80000, 0x00000000d5580000)
  object space 1373696K, 99% used [0x0000000080000000,0x00000000d3d1e2b8,0x00000000d3d80000)
 Metaspace       used 99293K, committed 100992K, reserved 1179648K
  class space    used 9928K, committed 10688K, reserved 1048576K
}
Event: 25283.184 GC heap after
{Heap after GC invocations=5314 (full 8):
 PSYoungGen      total 3072K, used 298K [0x00000000d5580000, 0x00000000d5a80000, 0x0000000100000000)
  eden space 2560K, 0% used [0x00000000d5580000,0x00000000d5580000,0x00000000d5800000)
  from space 512K, 58% used [0x00000000d5a00000,0x00000000d5a4a8e0,0x00000000d5a80000)
  to   space 1024K, 0% used [0x00000000d5880000,0x00000000d5880000,0x00000000d5980000)
 ParOldGen       total 1374208K, used 1374191K [0x0000000080000000, 0x00000000d3e00000, 0x00000000d5580000)
  object space 1374208K, 99% used [0x0000000080000000,0x00000000d3dfbc40,0x00000000d3e00000)
 Metaspace       used 99293K, committed 100992K, reserved 1179648K
  class space    used 9928K, committed 10688K, reserved 1048576K
}
Event: 25283.387 GC heap before
{Heap before GC invocations=5315 (full 8):
 PSYoungGen      total 3072K, used 2858K [0x00000000d5580000, 0x00000000d5a80000, 0x0000000100000000)
  eden space 2560K, 99% used [0x00000000d5580000,0x00000000d57ffff8,0x00000000d5800000)
  from space 512K, 58% used [0x00000000d5a00000,0x00000000d5a4a8e0,0x00000000d5a80000)
  to   space 1024K, 0% used [0x00000000d5880000,0x00000000d5880000,0x00000000d5980000)
 ParOldGen       total 1374208K, used 1374191K [0x0000000080000000, 0x00000000d3e00000, 0x00000000d5580000)
  object space 1374208K, 99% used [0x0000000080000000,0x00000000d3dfbc40,0x00000000d3e00000)
 Metaspace       used 99293K, committed 100992K, reserved 1179648K
  class space    used 9928K, committed 10688K, reserved 1048576K
}
Event: 25283.407 GC heap after
{Heap after GC invocations=5315 (full 8):
 PSYoungGen      total 3584K, used 555K [0x00000000d5580000, 0x00000000d5a80000, 0x0000000100000000)
  eden space 2560K, 0% used [0x00000000d5580000,0x00000000d5580000,0x00000000d5800000)
  from space 1024K, 54% used [0x00000000d5880000,0x00000000d590ad98,0x00000000d5980000)
  to   space 1024K, 0% used [0x00000000d5980000,0x00000000d5980000,0x00000000d5a80000)
 ParOldGen       total 1374720K, used 1374265K [0x0000000080000000, 0x00000000d3e80000, 0x00000000d5580000)
  object space 1374720K, 99% used [0x0000000080000000,0x00000000d3e0e520,0x00000000d3e80000)
 Metaspace       used 99293K, committed 100992K, reserved 1179648K
  class space    used 9928K, committed 10688K, reserved 1048576K
}
Event: 25283.451 GC heap before
{Heap before GC invocations=5316 (full 8):
 PSYoungGen      total 3584K, used 3115K [0x00000000d5580000, 0x00000000d5a80000, 0x0000000100000000)
  eden space 2560K, 100% used [0x00000000d5580000,0x00000000d5800000,0x00000000d5800000)
  from space 1024K, 54% used [0x00000000d5880000,0x00000000d590ad98,0x00000000d5980000)
  to   space 1024K, 0% used [0x00000000d5980000,0x00000000d5980000,0x00000000d5a80000)
 ParOldGen       total 1374720K, used 1374265K [0x0000000080000000, 0x00000000d3e80000, 0x00000000d5580000)
  object space 1374720K, 99% used [0x0000000080000000,0x00000000d3e0e520,0x00000000d3e80000)
 Metaspace       used 99293K, committed 100992K, reserved 1179648K
  class space    used 9928K, committed 10688K, reserved 1048576K
}
Event: 25283.467 GC heap after
{Heap after GC invocations=5316 (full 8):
 PSYoungGen      total 3584K, used 515K [0x00000000d5580000, 0x00000000d5a80000, 0x0000000100000000)
  eden space 2560K, 0% used [0x00000000d5580000,0x00000000d5580000,0x00000000d5800000)
  from space 1024K, 50% used [0x00000000d5980000,0x00000000d5a00c58,0x00000000d5a80000)
  to   space 1024K, 0% used [0x00000000d5880000,0x00000000d5880000,0x00000000d5980000)
 ParOldGen       total 1375232K, used 1374722K [0x0000000080000000, 0x00000000d3f00000, 0x00000000d5580000)
  object space 1375232K, 99% used [0x0000000080000000,0x00000000d3e80980,0x00000000d3f00000)
 Metaspace       used 99293K, committed 100992K, reserved 1179648K
  class space    used 9928K, committed 10688K, reserved 1048576K
}
Event: 25283.585 GC heap before
{Heap before GC invocations=5317 (full 8):
 PSYoungGen      total 3584K, used 3075K [0x00000000d5580000, 0x00000000d5a80000, 0x0000000100000000)
  eden space 2560K, 99% used [0x00000000d5580000,0x00000000d57ffff0,0x00000000d5800000)
  from space 1024K, 50% used [0x00000000d5980000,0x00000000d5a00c58,0x00000000d5a80000)
  to   space 1024K, 0% used [0x00000000d5880000,0x00000000d5880000,0x00000000d5980000)
 ParOldGen       total 1375232K, used 1374722K [0x0000000080000000, 0x00000000d3f00000, 0x00000000d5580000)
  object space 1375232K, 99% used [0x0000000080000000,0x00000000d3e80980,0x00000000d3f00000)
 Metaspace       used 99294K, committed 100992K, reserved 1179648K
  class space    used 9928K, committed 10688K, reserved 1048576K
}
Event: 25283.601 GC heap after
{Heap after GC invocations=5317 (full 8):
 PSYoungGen      total 3584K, used 922K [0x00000000d5580000, 0x00000000d5a00000, 0x0000000100000000)
  eden space 2560K, 0% used [0x00000000d5580000,0x00000000d5580000,0x00000000d5800000)
  from space 1024K, 90% used [0x00000000d5880000,0x00000000d5966bc0,0x00000000d5980000)
  to   space 512K, 0% used [0x00000000d5980000,0x00000000d5980000,0x00000000d5a00000)
 ParOldGen       total 1375232K, used 1375190K [0x0000000080000000, 0x00000000d3f00000, 0x00000000d5580000)
  object space 1375232K, 99% used [0x0000000080000000,0x00000000d3ef5aa8,0x00000000d3f00000)
 Metaspace       used 99294K, committed 100992K, reserved 1179648K
  class space    used 9928K, committed 10688K, reserved 1048576K
}
Event: 25283.633 GC heap before
{Heap before GC invocations=5318 (full 8):
 PSYoungGen      total 3584K, used 3482K [0x00000000d5580000, 0x00000000d5a00000, 0x0000000100000000)
  eden space 2560K, 100% used [0x00000000d5580000,0x00000000d5800000,0x00000000d5800000)
  from space 1024K, 90% used [0x00000000d5880000,0x00000000d5966bc0,0x00000000d5980000)
  to   space 512K, 0% used [0x00000000d5980000,0x00000000d5980000,0x00000000d5a00000)
 ParOldGen       total 1375232K, used 1375190K [0x0000000080000000, 0x00000000d3f00000, 0x00000000d5580000)
  object space 1375232K, 99% used [0x0000000080000000,0x00000000d3ef5aa8,0x00000000d3f00000)
 Metaspace       used 99294K, committed 100992K, reserved 1179648K
  class space    used 9928K, committed 10688K, reserved 1048576K
}
Event: 25283.649 GC heap after
{Heap after GC invocations=5318 (full 8):
 PSYoungGen      total 3584K, used 416K [0x00000000d5580000, 0x00000000d5a80000, 0x0000000100000000)
  eden space 3072K, 0% used [0x00000000d5580000,0x00000000d5580000,0x00000000d5880000)
  from space 512K, 81% used [0x00000000d5980000,0x00000000d59e8000,0x00000000d5a00000)
  to   space 1024K, 0% used [0x00000000d5880000,0x00000000d5880000,0x00000000d5980000)
 ParOldGen       total 1376256K, used 1376058K [0x0000000080000000, 0x00000000d4000000, 0x00000000d5580000)
  object space 1376256K, 99% used [0x0000000080000000,0x00000000d3fce8d8,0x00000000d4000000)
 Metaspace       used 99294K, committed 100992K, reserved 1179648K
  class space    used 9928K, committed 10688K, reserved 1048576K
}
Event: 25284.295 GC heap before
{Heap before GC invocations=5319 (full 8):
 PSYoungGen      total 3584K, used 3488K [0x00000000d5580000, 0x00000000d5a80000, 0x0000000100000000)
  eden space 3072K, 100% used [0x00000000d5580000,0x00000000d5880000,0x00000000d5880000)
  from space 512K, 81% used [0x00000000d5980000,0x00000000d59e8000,0x00000000d5a00000)
  to   space 1024K, 0% used [0x00000000d5880000,0x00000000d5880000,0x00000000d5980000)
 ParOldGen       total 1376256K, used 1376058K [0x0000000080000000, 0x00000000d4000000, 0x00000000d5580000)
  object space 1376256K, 99% used [0x0000000080000000,0x00000000d3fce8d8,0x00000000d4000000)
 Metaspace       used 99294K, committed 100992K, reserved 1179648K
  class space    used 9928K, committed 10688K, reserved 1048576K
}
Event: 25284.308 GC heap after
{Heap after GC invocations=5319 (full 8):
 PSYoungGen      total 4096K, used 512K [0x00000000d5580000, 0x00000000d5a80000, 0x0000000100000000)
  eden space 3072K, 0% used [0x00000000d5580000,0x00000000d5580000,0x00000000d5880000)
  from space 1024K, 50% used [0x00000000d5880000,0x00000000d5900000,0x00000000d5980000)
  to   space 1024K, 0% used [0x00000000d5980000,0x00000000d5980000,0x00000000d5a80000)
 ParOldGen       total 1376768K, used 1376402K [0x0000000080000000, 0x00000000d4080000, 0x00000000d5580000)
  object space 1376768K, 99% used [0x0000000080000000,0x00000000d4024908,0x00000000d4080000)
 Metaspace       used 99294K, committed 100992K, reserved 1179648K
  class space    used 9928K, committed 10688K, reserved 1048576K
}
Event: 25284.924 GC heap before
{Heap before GC invocations=5320 (full 8):
 PSYoungGen      total 4096K, used 3584K [0x00000000d5580000, 0x00000000d5a80000, 0x0000000100000000)
  eden space 3072K, 100% used [0x00000000d5580000,0x00000000d5880000,0x00000000d5880000)
  from space 1024K, 50% used [0x00000000d5880000,0x00000000d5900000,0x00000000d5980000)
  to   space 1024K, 0% used [0x00000000d5980000,0x00000000d5980000,0x00000000d5a80000)
 ParOldGen       total 1376768K, used 1376402K [0x0000000080000000, 0x00000000d4080000, 0x00000000d5580000)
  object space 1376768K, 99% used [0x0000000080000000,0x00000000d4024908,0x00000000d4080000)
 Metaspace       used 99294K, committed 100992K, reserved 1179648K
  class space    used 9928K, committed 10688K, reserved 1048576K
}
Event: 25284.936 GC heap after
{Heap after GC invocations=5320 (full 8):
 PSYoungGen      total 3584K, used 244K [0x00000000d5580000, 0x00000000d5a00000, 0x0000000100000000)
  eden space 3072K, 0% used [0x00000000d5580000,0x00000000d5580000,0x00000000d5880000)
  from space 512K, 47% used [0x00000000d5980000,0x00000000d59bd200,0x00000000d5a00000)
  to   space 512K, 0% used [0x00000000d5900000,0x00000000d5900000,0x00000000d5980000)
 ParOldGen       total 1377280K, used 1376858K [0x0000000080000000, 0x00000000d4100000, 0x00000000d5580000)
  object space 1377280K, 99% used [0x0000000080000000,0x00000000d4096908,0x00000000d4100000)
 Metaspace       used 99294K, committed 100992K, reserved 1179648K
  class space    used 9928K, committed 10688K, reserved 1048576K
}
Event: 25285.104 GC heap before
{Heap before GC invocations=5321 (full 8):
 PSYoungGen      total 3584K, used 3316K [0x00000000d5580000, 0x00000000d5a00000, 0x0000000100000000)
  eden space 3072K, 99% used [0x00000000d5580000,0x00000000d587ffd0,0x00000000d5880000)
  from space 512K, 47% used [0x00000000d5980000,0x00000000d59bd200,0x00000000d5a00000)
  to   space 512K, 0% used [0x00000000d5900000,0x00000000d5900000,0x00000000d5980000)
 ParOldGen       total 1377280K, used 1376858K [0x0000000080000000, 0x00000000d4100000, 0x00000000d5580000)
  object space 1377280K, 99% used [0x0000000080000000,0x00000000d4096908,0x00000000d4100000)
 Metaspace       used 99294K, committed 100992K, reserved 1179648K
  class space    used 9928K, committed 10688K, reserved 1048576K
}
Event: 25285.119 GC heap after
{Heap after GC invocations=5321 (full 8):
 PSYoungGen      total 3584K, used 496K [0x00000000d5580000, 0x00000000d5a80000, 0x0000000100000000)
  eden space 3072K, 0% used [0x00000000d5580000,0x00000000d5580000,0x00000000d5880000)
  from space 512K, 96% used [0x00000000d5900000,0x00000000d597c010,0x00000000d5980000)
  to   space 1024K, 0% used [0x00000000d5980000,0x00000000d5980000,0x00000000d5a80000)
 ParOldGen       total 1377280K, used 1377066K [0x0000000080000000, 0x00000000d4100000, 0x00000000d5580000)
  object space 1377280K, 99% used [0x0000000080000000,0x00000000d40cab18,0x00000000d4100000)
 Metaspace       used 99294K, committed 100992K, reserved 1179648K
  class space    used 9928K, committed 10688K, reserved 1048576K
}

