# JRE version: OpenJDK Runtime Environment Temurin-21.0.8+9 (21.0.8+9) (build 21.0.8+9-LTS)
# Java VM: OpenJDK 64-Bit Server VM Temurin-21.0.8+9 (21.0.8+9-LTS, mixed mode, sharing, tiered, compressed oops, compressed class ptrs, parallel gc, windows-amd64)
GC Precious Log:
 CardTable entry size: 512
 CPUs: 4 total, 4 available
 Memory: 3857M
 Large Page Support: Disabled
 NUMA Support: Disabled
 Compressed Oops: Enabled (32-bit)
 Alignments: Space 512K, Generation 512K, Heap 2M
 Heap Min Capacity: 100M
 Heap Initial Capacity: 100M
 Heap Max Capacity: 2G
 Pre-touch: Disabled
 Parallel Workers: 4
Heap:
 PSYoungGen      total 7680K, used 6690K [0x00000000d5580000, 0x00000000d5e80000, 0x0000000100000000)
  eden space 7168K, 91% used [0x00000000d5580000,0x00000000d5bf09f8,0x00000000d5c80000)
  from space 512K, 18% used [0x00000000d5e00000,0x00000000d5e18000,0x00000000d5e80000)
  to   space 512K, 0% used [0x00000000d5d80000,0x00000000d5d80000,0x00000000d5e00000)
 ParOldGen       total 1223680K, used 1223372K [0x0000000080000000, 0x00000000cab00000, 0x00000000d5580000)
  object space 1223680K, 99% used [0x0000000080000000,0x00000000caab3110,0x00000000cab00000)
 Metaspace       used 98200K, committed 99840K, reserved 1179648K
  class space    used 9840K, committed 10624K, reserved 1048576K
GC Heap History (20 events):
Event: 7727.379 GC heap before
{Heap before GC invocations=4715 (full 7):
 PSYoungGen      total 8192K, used 8172K [0x00000000d5580000, 0x00000000d6000000, 0x0000000100000000)
  eden space 7168K, 100% used [0x00000000d5580000,0x00000000d5c80000,0x00000000d5c80000)
  from space 1024K, 98% used [0x00000000d5e00000,0x00000000d5efb208,0x00000000d5f00000)
  to   space 1536K, 0% used [0x00000000d5c80000,0x00000000d5c80000,0x00000000d5e00000)
 ParOldGen       total 1219072K, used 1218584K [0x0000000080000000, 0x00000000ca680000, 0x00000000d5580000)
  object space 1219072K, 99% used [0x0000000080000000,0x00000000ca606388,0x00000000ca680000)
 Metaspace       used 98180K, committed 99840K, reserved 1179648K
  class space    used 9840K, committed 10624K, reserved 1048576K
}
Event: 7727.385 GC heap after
{Heap after GC invocations=4715 (full 7):
 PSYoungGen      total 7680K, used 404K [0x00000000d5580000, 0x00000000d5e80000, 0x0000000100000000)
  eden space 7168K, 0% used [0x00000000d5580000,0x00000000d5580000,0x00000000d5c80000)
  from space 512K, 79% used [0x00000000d5c80000,0x00000000d5ce5200,0x00000000d5d00000)
  to   space 1024K, 0% used [0x00000000d5d80000,0x00000000d5d80000,0x00000000d5e80000)
 ParOldGen       total 1219584K, used 1219517K [0x0000000080000000, 0x00000000ca700000, 0x00000000d5580000)
  object space 1219584K, 99% used [0x0000000080000000,0x00000000ca6ef590,0x00000000ca700000)
 Metaspace       used 98180K, committed 99840K, reserved 1179648K
  class space    used 9840K, committed 10624K, reserved 1048576K
}
Event: 7728.385 GC heap before
{Heap before GC invocations=4716 (full 7):
 PSYoungGen      total 7680K, used 7549K [0x00000000d5580000, 0x00000000d5e80000, 0x0000000100000000)
  eden space 7168K, 99% used [0x00000000d5580000,0x00000000d5c7a4d8,0x00000000d5c80000)
  from space 512K, 79% used [0x00000000d5c80000,0x00000000d5ce5200,0x00000000d5d00000)
  to   space 1024K, 0% used [0x00000000d5d80000,0x00000000d5d80000,0x00000000d5e80000)
 ParOldGen       total 1219584K, used 1219517K [0x0000000080000000, 0x00000000ca700000, 0x00000000d5580000)
  object space 1219584K, 99% used [0x0000000080000000,0x00000000ca6ef590,0x00000000ca700000)
 Metaspace       used 98180K, committed 99840K, reserved 1179648K
  class space    used 9840K, committed 10624K, reserved 1048576K
}
Event: 7728.394 GC heap after
{Heap after GC invocations=4716 (full 7):
 PSYoungGen      total 7680K, used 90K [0x00000000d5580000, 0x00000000d5e00000, 0x0000000100000000)
  eden space 7168K, 0% used [0x00000000d5580000,0x00000000d5580000,0x00000000d5c80000)
  from space 512K, 17% used [0x00000000d5d80000,0x00000000d5d96900,0x00000000d5e00000)
  to   space 512K, 0% used [0x00000000d5c80000,0x00000000d5c80000,0x00000000d5d00000)
 ParOldGen       total 1220096K, used 1219717K [0x0000000080000000, 0x00000000ca780000, 0x00000000d5580000)
  object space 1220096K, 99% used [0x0000000080000000,0x00000000ca721590,0x00000000ca780000)
 Metaspace       used 98180K, committed 99840K, reserved 1179648K
  class space    used 9840K, committed 10624K, reserved 1048576K
}
Event: 7736.598 GC heap before
{Heap before GC invocations=4717 (full 7):
 PSYoungGen      total 7680K, used 7258K [0x00000000d5580000, 0x00000000d5e00000, 0x0000000100000000)
  eden space 7168K, 100% used [0x00000000d5580000,0x00000000d5c80000,0x00000000d5c80000)
  from space 512K, 17% used [0x00000000d5d80000,0x00000000d5d96900,0x00000000d5e00000)
  to   space 512K, 0% used [0x00000000d5c80000,0x00000000d5c80000,0x00000000d5d00000)
 ParOldGen       total 1220096K, used 1219717K [0x0000000080000000, 0x00000000ca780000, 0x00000000d5580000)
  object space 1220096K, 99% used [0x0000000080000000,0x00000000ca721590,0x00000000ca780000)
 Metaspace       used 98180K, committed 99840K, reserved 1179648K
  class space    used 9840K, committed 10624K, reserved 1048576K
}
Event: 7736.604 GC heap after
{Heap after GC invocations=4717 (full 7):
 PSYoungGen      total 7680K, used 128K [0x00000000d5580000, 0x00000000d5e00000, 0x0000000100000000)
  eden space 7168K, 0% used [0x00000000d5580000,0x00000000d5580000,0x00000000d5c80000)
  from space 512K, 25% used [0x00000000d5c80000,0x00000000d5ca0000,0x00000000d5d00000)
  to   space 512K, 0% used [0x00000000d5d80000,0x00000000d5d80000,0x00000000d5e00000)
 ParOldGen       total 1220096K, used 1219741K [0x0000000080000000, 0x00000000ca780000, 0x00000000d5580000)
  object space 1220096K, 99% used [0x0000000080000000,0x00000000ca727590,0x00000000ca780000)
 Metaspace       used 98180K, committed 99840K, reserved 1179648K
  class space    used 9840K, committed 10624K, reserved 1048576K
}
Event: 7817.054 GC heap before
{Heap before GC invocations=4718 (full 7):
 PSYoungGen      total 7680K, used 7296K [0x00000000d5580000, 0x00000000d5e00000, 0x0000000100000000)
  eden space 7168K, 100% used [0x00000000d5580000,0x00000000d5c80000,0x00000000d5c80000)
  from space 512K, 25% used [0x00000000d5c80000,0x00000000d5ca0000,0x00000000d5d00000)
  to   space 512K, 0% used [0x00000000d5d80000,0x00000000d5d80000,0x00000000d5e00000)
 ParOldGen       total 1220096K, used 1219741K [0x0000000080000000, 0x00000000ca780000, 0x00000000d5580000)
  object space 1220096K, 99% used [0x0000000080000000,0x00000000ca727590,0x00000000ca780000)
 Metaspace       used 98185K, committed 99840K, reserved 1179648K
  class space    used 9840K, committed 10624K, reserved 1048576K
}
Event: 7817.512 GC heap after
{Heap after GC invocations=4718 (full 7):
 PSYoungGen      total 7680K, used 320K [0x00000000d5580000, 0x00000000d5e00000, 0x0000000100000000)
  eden space 7168K, 0% used [0x00000000d5580000,0x00000000d5580000,0x00000000d5c80000)
  from space 512K, 62% used [0x00000000d5d80000,0x00000000d5dd0020,0x00000000d5e00000)
  to   space 512K, 0% used [0x00000000d5c80000,0x00000000d5c80000,0x00000000d5d00000)
 ParOldGen       total 1220096K, used 1219765K [0x0000000080000000, 0x00000000ca780000, 0x00000000d5580000)
  object space 1220096K, 99% used [0x0000000080000000,0x00000000ca72d590,0x00000000ca780000)
 Metaspace       used 98185K, committed 99840K, reserved 1179648K
  class space    used 9840K, committed 10624K, reserved 1048576K
}
Event: 7860.194 GC heap before
{Heap before GC invocations=4719 (full 7):
 PSYoungGen      total 7680K, used 7488K [0x00000000d5580000, 0x00000000d5e00000, 0x0000000100000000)
  eden space 7168K, 100% used [0x00000000d5580000,0x00000000d5c80000,0x00000000d5c80000)
  from space 512K, 62% used [0x00000000d5d80000,0x00000000d5dd0020,0x00000000d5e00000)
  to   space 512K, 0% used [0x00000000d5c80000,0x00000000d5c80000,0x00000000d5d00000)
 ParOldGen       total 1220096K, used 1219765K [0x0000000080000000, 0x00000000ca780000, 0x00000000d5580000)
  object space 1220096K, 99% used [0x0000000080000000,0x00000000ca72d590,0x00000000ca780000)
 Metaspace       used 98189K, committed 99840K, reserved 1179648K
  class space    used 9840K, committed 10624K, reserved 1048576K
}
Event: 7861.990 GC heap after
{Heap after GC invocations=4719 (full 7):
 PSYoungGen      total 7680K, used 320K [0x00000000d5580000, 0x00000000d5e00000, 0x0000000100000000)
  eden space 7168K, 0% used [0x00000000d5580000,0x00000000d5580000,0x00000000d5c80000)
  from space 512K, 62% used [0x00000000d5c80000,0x00000000d5cd0020,0x00000000d5d00000)
  to   space 512K, 0% used [0x00000000d5d80000,0x00000000d5d80000,0x00000000d5e00000)
 ParOldGen       total 1220096K, used 1219925K [0x0000000080000000, 0x00000000ca780000, 0x00000000d5580000)
  object space 1220096K, 99% used [0x0000000080000000,0x00000000ca7555c0,0x00000000ca780000)
 Metaspace       used 98189K, committed 99840K, reserved 1179648K
  class space    used 9840K, committed 10624K, reserved 1048576K
}
Event: 7862.947 GC heap before
{Heap before GC invocations=4720 (full 7):
 PSYoungGen      total 7680K, used 7488K [0x00000000d5580000, 0x00000000d5e00000, 0x0000000100000000)
  eden space 7168K, 100% used [0x00000000d5580000,0x00000000d5c80000,0x00000000d5c80000)
  from space 512K, 62% used [0x00000000d5c80000,0x00000000d5cd0020,0x00000000d5d00000)
  to   space 512K, 0% used [0x00000000d5d80000,0x00000000d5d80000,0x00000000d5e00000)
 ParOldGen       total 1220096K, used 1219925K [0x0000000080000000, 0x00000000ca780000, 0x00000000d5580000)
  object space 1220096K, 99% used [0x0000000080000000,0x00000000ca7555c0,0x00000000ca780000)
 Metaspace       used 98189K, committed 99840K, reserved 1179648K
  class space    used 9840K, committed 10624K, reserved 1048576K
}
Event: 7862.957 GC heap after
{Heap after GC invocations=4720 (full 7):
 PSYoungGen      total 7680K, used 505K [0x00000000d5580000, 0x00000000d5e80000, 0x0000000100000000)
  eden space 7168K, 0% used [0x00000000d5580000,0x00000000d5580000,0x00000000d5c80000)
  from space 512K, 98% used [0x00000000d5d80000,0x00000000d5dfe410,0x00000000d5e00000)
  to   space 1024K, 0% used [0x00000000d5c80000,0x00000000d5c80000,0x00000000d5d80000)
 ParOldGen       total 1220608K, used 1220277K [0x0000000080000000, 0x00000000ca800000, 0x00000000d5580000)
  object space 1220608K, 99% used [0x0000000080000000,0x00000000ca7ad600,0x00000000ca800000)
 Metaspace       used 98189K, committed 99840K, reserved 1179648K
  class space    used 9840K, committed 10624K, reserved 1048576K
}
Event: 7863.492 GC heap before
{Heap before GC invocations=4721 (full 7):
 PSYoungGen      total 7680K, used 7673K [0x00000000d5580000, 0x00000000d5e80000, 0x0000000100000000)
  eden space 7168K, 100% used [0x00000000d5580000,0x00000000d5c80000,0x00000000d5c80000)
  from space 512K, 98% used [0x00000000d5d80000,0x00000000d5dfe410,0x00000000d5e00000)
  to   space 1024K, 0% used [0x00000000d5c80000,0x00000000d5c80000,0x00000000d5d80000)
 ParOldGen       total 1220608K, used 1220277K [0x0000000080000000, 0x00000000ca800000, 0x00000000d5580000)
  object space 1220608K, 99% used [0x0000000080000000,0x00000000ca7ad600,0x00000000ca800000)
 Metaspace       used 98189K, committed 99840K, reserved 1179648K
  class space    used 9840K, committed 10624K, reserved 1048576K
}
Event: 7863.509 GC heap after
{Heap after GC invocations=4721 (full 7):
 PSYoungGen      total 8192K, used 1018K [0x00000000d5580000, 0x00000000d6080000, 0x0000000100000000)
  eden space 7168K, 0% used [0x00000000d5580000,0x00000000d5580000,0x00000000d5c80000)
  from space 1024K, 99% used [0x00000000d5c80000,0x00000000d5d7e900,0x00000000d5d80000)
  to   space 2048K, 0% used [0x00000000d5e80000,0x00000000d5e80000,0x00000000d6080000)
 ParOldGen       total 1221120K, used 1220958K [0x0000000080000000, 0x00000000ca880000, 0x00000000d5580000)
  object space 1221120K, 99% used [0x0000000080000000,0x00000000ca857a50,0x00000000ca880000)
 Metaspace       used 98189K, committed 99840K, reserved 1179648K
  class space    used 9840K, committed 10624K, reserved 1048576K
}
Event: 7864.524 GC heap before
{Heap before GC invocations=4722 (full 7):
 PSYoungGen      total 8192K, used 8186K [0x00000000d5580000, 0x00000000d6080000, 0x0000000100000000)
  eden space 7168K, 99% used [0x00000000d5580000,0x00000000d5c7ff48,0x00000000d5c80000)
  from space 1024K, 99% used [0x00000000d5c80000,0x00000000d5d7e900,0x00000000d5d80000)
  to   space 2048K, 0% used [0x00000000d5e80000,0x00000000d5e80000,0x00000000d6080000)
 ParOldGen       total 1221120K, used 1220958K [0x0000000080000000, 0x00000000ca880000, 0x00000000d5580000)
  object space 1221120K, 99% used [0x0000000080000000,0x00000000ca857a50,0x00000000ca880000)
 Metaspace       used 98190K, committed 99840K, reserved 1179648K
  class space    used 9840K, committed 10624K, reserved 1048576K
}
Event: 7864.536 GC heap after
{Heap after GC invocations=4722 (full 7):
 PSYoungGen      total 8192K, used 996K [0x00000000d5580000, 0x00000000d5f80000, 0x0000000100000000)
  eden space 7168K, 0% used [0x00000000d5580000,0x00000000d5580000,0x00000000d5c80000)
  from space 1024K, 97% used [0x00000000d5e80000,0x00000000d5f79210,0x00000000d5f80000)
  to   space 1536K, 0% used [0x00000000d5c80000,0x00000000d5c80000,0x00000000d5e00000)
 ParOldGen       total 1222144K, used 1221971K [0x0000000080000000, 0x00000000ca980000, 0x00000000d5580000)
  object space 1222144K, 99% used [0x0000000080000000,0x00000000ca954c50,0x00000000ca980000)
 Metaspace       used 98190K, committed 99840K, reserved 1179648K
  class space    used 9840K, committed 10624K, reserved 1048576K
}
Event: 7885.987 GC heap before
{Heap before GC invocations=4723 (full 7):
 PSYoungGen      total 8192K, used 7706K [0x00000000d5580000, 0x00000000d5f80000, 0x0000000100000000)
  eden space 7168K, 93% used [0x00000000d5580000,0x00000000d5c0d890,0x00000000d5c80000)
  from space 1024K, 97% used [0x00000000d5e80000,0x00000000d5f79210,0x00000000d5f80000)
  to   space 1536K, 0% used [0x00000000d5c80000,0x00000000d5c80000,0x00000000d5e00000)
 ParOldGen       total 1222144K, used 1221971K [0x0000000080000000, 0x00000000ca980000, 0x00000000d5580000)
  object space 1222144K, 99% used [0x0000000080000000,0x00000000ca954c50,0x00000000ca980000)
 Metaspace       used 98191K, committed 99840K, reserved 1179648K
  class space    used 9840K, committed 10624K, reserved 1048576K
}
Event: 7886.372 GC heap after
{Heap after GC invocations=4723 (full 7):
 PSYoungGen      total 8704K, used 512K [0x00000000d5580000, 0x00000000d5f00000, 0x0000000100000000)
  eden space 7168K, 0% used [0x00000000d5580000,0x00000000d5580000,0x00000000d5c80000)
  from space 1536K, 33% used [0x00000000d5c80000,0x00000000d5d00000,0x00000000d5e00000)
  to   space 1024K, 0% used [0x00000000d5e00000,0x00000000d5e00000,0x00000000d5f00000)
 ParOldGen       total 1223168K, used 1222900K [0x0000000080000000, 0x00000000caa80000, 0x00000000d5580000)
  object space 1223168K, 99% used [0x0000000080000000,0x00000000caa3d100,0x00000000caa80000)
 Metaspace       used 98191K, committed 99840K, reserved 1179648K
  class space    used 9840K, committed 10624K, reserved 1048576K
}
Event: 7886.858 GC heap before
{Heap before GC invocations=4724 (full 7):
 PSYoungGen      total 8704K, used 7603K [0x00000000d5580000, 0x00000000d5f00000, 0x0000000100000000)
  eden space 7168K, 98% used [0x00000000d5580000,0x00000000d5c6cc70,0x00000000d5c80000)
  from space 1536K, 33% used [0x00000000d5c80000,0x00000000d5d00000,0x00000000d5e00000)
  to   space 1024K, 0% used [0x00000000d5e00000,0x00000000d5e00000,0x00000000d5f00000)
 ParOldGen       total 1223168K, used 1222900K [0x0000000080000000, 0x00000000caa80000, 0x00000000d5580000)
  object space 1223168K, 99% used [0x0000000080000000,0x00000000caa3d100,0x00000000caa80000)
 Metaspace       used 98191K, committed 99840K, reserved 1179648K
  class space    used 9840K, committed 10624K, reserved 1048576K
}
Event: 7886.866 GC heap after
{Heap after GC invocations=4724 (full 7):
 PSYoungGen      total 7680K, used 96K [0x00000000d5580000, 0x00000000d5e80000, 0x0000000100000000)
  eden space 7168K, 0% used [0x00000000d5580000,0x00000000d5580000,0x00000000d5c80000)
  from space 512K, 18% used [0x00000000d5e00000,0x00000000d5e18000,0x00000000d5e80000)
  to   space 512K, 0% used [0x00000000d5d80000,0x00000000d5d80000,0x00000000d5e00000)
 ParOldGen       total 1223680K, used 1223372K [0x0000000080000000, 0x00000000cab00000, 0x00000000d5580000)
  object space 1223680K, 99% used [0x0000000080000000,0x00000000caab3110,0x00000000cab00000)
 Metaspace       used 98191K, committed 99840K, reserved 1179648K
  class space    used 9840K, committed 10624K, reserved 1048576K
}

