# JRE version: OpenJDK Runtime Environment Temurin-21.0.8+9 (21.0.8+9) (build 21.0.8+9-LTS)
# Java VM: OpenJDK 64-Bit Server VM Temurin-21.0.8+9 (21.0.8+9-LTS, mixed mode, sharing, tiered, compressed oops, compressed class ptrs, parallel gc, windows-amd64)
GC Precious Log:
 CardTable entry size: 512
 CPUs: 4 total, 4 available
 Memory: 3857M
 Large Page Support: Disabled
 NUMA Support: Disabled
 Compressed Oops: Enabled (32-bit)
 Alignments: Space 512K, Generation 512K, Heap 2M
 Heap Min Capacity: 100M
 Heap Initial Capacity: 100M
 Heap Max Capacity: 2G
 Pre-touch: Disabled
 Parallel Workers: 4
Heap:
 PSYoungGen      total 2560K, used 671K [0x00000000d5580000, 0x00000000d5900000, 0x0000000100000000)
  eden space 2048K, 16% used [0x00000000d5580000,0x00000000d55d7060,0x00000000d5780000)
  from space 512K, 63% used [0x00000000d5780000,0x00000000d57d0d08,0x00000000d5800000)
  to   space 512K, 0% used [0x00000000d5880000,0x00000000d5880000,0x00000000d5900000)
 ParOldGen       total 164352K, used 164313K [0x0000000080000000, 0x000000008a080000, 0x00000000d5580000)
  object space 164352K, 99% used [0x0000000080000000,0x000000008a0764b8,0x000000008a080000)
 Metaspace       used 66107K, committed 67648K, reserved 1114112K
  class space    used 6824K, committed 7488K, reserved 1048576K
GC Heap History (20 events):
Event: 88.251 GC heap before
{Heap before GC invocations=152 (full 3):
 PSYoungGen      total 5120K, used 4831K [0x00000000d5580000, 0x00000000d5b80000, 0x0000000100000000)
  eden space 4096K, 99% used [0x00000000d5580000,0x00000000d597ffd8,0x00000000d5980000)
  from space 1024K, 71% used [0x00000000d5a80000,0x00000000d5b38000,0x00000000d5b80000)
  to   space 1024K, 0% used [0x00000000d5980000,0x00000000d5980000,0x00000000d5a80000)
 ParOldGen       total 153088K, used 152584K [0x0000000080000000, 0x0000000089580000, 0x00000000d5580000)
  object space 153088K, 99% used [0x0000000080000000,0x0000000089502390,0x0000000089580000)
 Metaspace       used 66103K, committed 67648K, reserved 1114112K
  class space    used 6824K, committed 7488K, reserved 1048576K
}
Event: 88.256 GC heap after
{Heap after GC invocations=152 (full 3):
 PSYoungGen      total 5120K, used 958K [0x00000000d5580000, 0x00000000d5b80000, 0x0000000100000000)
  eden space 4096K, 0% used [0x00000000d5580000,0x00000000d5580000,0x00000000d5980000)
  from space 1024K, 93% used [0x00000000d5980000,0x00000000d5a6f828,0x00000000d5a80000)
  to   space 1024K, 0% used [0x00000000d5a80000,0x00000000d5a80000,0x00000000d5b80000)
 ParOldGen       total 153600K, used 153260K [0x0000000080000000, 0x0000000089600000, 0x00000000d5580000)
  object space 153600K, 99% used [0x0000000080000000,0x00000000895ab168,0x0000000089600000)
 Metaspace       used 66103K, committed 67648K, reserved 1114112K
  class space    used 6824K, committed 7488K, reserved 1048576K
}
Event: 88.326 GC heap before
{Heap before GC invocations=153 (full 3):
 PSYoungGen      total 5120K, used 5054K [0x00000000d5580000, 0x00000000d5b80000, 0x0000000100000000)
  eden space 4096K, 100% used [0x00000000d5580000,0x00000000d5980000,0x00000000d5980000)
  from space 1024K, 93% used [0x00000000d5980000,0x00000000d5a6f828,0x00000000d5a80000)
  to   space 1024K, 0% used [0x00000000d5a80000,0x00000000d5a80000,0x00000000d5b80000)
 ParOldGen       total 153600K, used 153260K [0x0000000080000000, 0x0000000089600000, 0x00000000d5580000)
  object space 153600K, 99% used [0x0000000080000000,0x00000000895ab168,0x0000000089600000)
 Metaspace       used 66103K, committed 67648K, reserved 1114112K
  class space    used 6824K, committed 7488K, reserved 1048576K
}
Event: 88.329 GC heap after
{Heap after GC invocations=153 (full 3):
 PSYoungGen      total 3584K, used 1011K [0x00000000d5580000, 0x00000000d5e80000, 0x0000000100000000)
  eden space 2560K, 0% used [0x00000000d5580000,0x00000000d5580000,0x00000000d5800000)
  from space 1024K, 98% used [0x00000000d5a80000,0x00000000d5b7ce00,0x00000000d5b80000)
  to   space 2560K, 0% used [0x00000000d5800000,0x00000000d5800000,0x00000000d5a80000)
 ParOldGen       total 154624K, used 154202K [0x0000000080000000, 0x0000000089700000, 0x00000000d5580000)
  object space 154624K, 99% used [0x0000000080000000,0x0000000089696958,0x0000000089700000)
 Metaspace       used 66103K, committed 67648K, reserved 1114112K
  class space    used 6824K, committed 7488K, reserved 1048576K
}
Event: 88.366 GC heap before
{Heap before GC invocations=154 (full 3):
 PSYoungGen      total 3584K, used 3571K [0x00000000d5580000, 0x00000000d5e80000, 0x0000000100000000)
  eden space 2560K, 100% used [0x00000000d5580000,0x00000000d5800000,0x00000000d5800000)
  from space 1024K, 98% used [0x00000000d5a80000,0x00000000d5b7ce00,0x00000000d5b80000)
  to   space 2560K, 0% used [0x00000000d5800000,0x00000000d5800000,0x00000000d5a80000)
 ParOldGen       total 154624K, used 154202K [0x0000000080000000, 0x0000000089700000, 0x00000000d5580000)
  object space 154624K, 99% used [0x0000000080000000,0x0000000089696958,0x0000000089700000)
 Metaspace       used 66103K, committed 67648K, reserved 1114112K
  class space    used 6824K, committed 7488K, reserved 1048576K
}
Event: 88.369 GC heap after
{Heap after GC invocations=154 (full 3):
 PSYoungGen      total 3584K, used 703K [0x00000000d5580000, 0x00000000d5b00000, 0x0000000100000000)
  eden space 2560K, 0% used [0x00000000d5580000,0x00000000d5580000,0x00000000d5800000)
  from space 1024K, 68% used [0x00000000d5800000,0x00000000d58aff10,0x00000000d5900000)
  to   space 1536K, 0% used [0x00000000d5980000,0x00000000d5980000,0x00000000d5b00000)
 ParOldGen       total 155648K, used 155204K [0x0000000080000000, 0x0000000089800000, 0x00000000d5580000)
  object space 155648K, 99% used [0x0000000080000000,0x0000000089791170,0x0000000089800000)
 Metaspace       used 66103K, committed 67648K, reserved 1114112K
  class space    used 6824K, committed 7488K, reserved 1048576K
}
Event: 88.382 GC heap before
{Heap before GC invocations=155 (full 3):
 PSYoungGen      total 3584K, used 3263K [0x00000000d5580000, 0x00000000d5b00000, 0x0000000100000000)
  eden space 2560K, 100% used [0x00000000d5580000,0x00000000d5800000,0x00000000d5800000)
  from space 1024K, 68% used [0x00000000d5800000,0x00000000d58aff10,0x00000000d5900000)
  to   space 1536K, 0% used [0x00000000d5980000,0x00000000d5980000,0x00000000d5b00000)
 ParOldGen       total 155648K, used 155204K [0x0000000080000000, 0x0000000089800000, 0x00000000d5580000)
  object space 155648K, 99% used [0x0000000080000000,0x0000000089791170,0x0000000089800000)
 Metaspace       used 66103K, committed 67648K, reserved 1114112K
  class space    used 6824K, committed 7488K, reserved 1048576K
}
Event: 88.385 GC heap after
{Heap after GC invocations=155 (full 3):
 PSYoungGen      total 3072K, used 339K [0x00000000d5580000, 0x00000000d5a00000, 0x0000000100000000)
  eden space 2560K, 0% used [0x00000000d5580000,0x00000000d5580000,0x00000000d5800000)
  from space 512K, 66% used [0x00000000d5980000,0x00000000d59d4c18,0x00000000d5a00000)
  to   space 1024K, 0% used [0x00000000d5800000,0x00000000d5800000,0x00000000d5900000)
 ParOldGen       total 156160K, used 155859K [0x0000000080000000, 0x0000000089880000, 0x00000000d5580000)
  object space 156160K, 99% used [0x0000000080000000,0x0000000089834fb0,0x0000000089880000)
 Metaspace       used 66103K, committed 67648K, reserved 1114112K
  class space    used 6824K, committed 7488K, reserved 1048576K
}
Event: 88.406 GC heap before
{Heap before GC invocations=156 (full 3):
 PSYoungGen      total 3072K, used 2899K [0x00000000d5580000, 0x00000000d5a00000, 0x0000000100000000)
  eden space 2560K, 100% used [0x00000000d5580000,0x00000000d5800000,0x00000000d5800000)
  from space 512K, 66% used [0x00000000d5980000,0x00000000d59d4c18,0x00000000d5a00000)
  to   space 1024K, 0% used [0x00000000d5800000,0x00000000d5800000,0x00000000d5900000)
 ParOldGen       total 156160K, used 155859K [0x0000000080000000, 0x0000000089880000, 0x00000000d5580000)
  object space 156160K, 99% used [0x0000000080000000,0x0000000089834fb0,0x0000000089880000)
 Metaspace       used 66103K, committed 67648K, reserved 1114112K
  class space    used 6824K, committed 7488K, reserved 1048576K
}
Event: 88.408 GC heap after
{Heap after GC invocations=156 (full 3):
 PSYoungGen      total 3584K, used 160K [0x00000000d5580000, 0x00000000d5a00000, 0x0000000100000000)
  eden space 2560K, 0% used [0x00000000d5580000,0x00000000d5580000,0x00000000d5800000)
  from space 1024K, 15% used [0x00000000d5800000,0x00000000d5828000,0x00000000d5900000)
  to   space 512K, 0% used [0x00000000d5980000,0x00000000d5980000,0x00000000d5a00000)
 ParOldGen       total 156160K, used 156154K [0x0000000080000000, 0x0000000089880000, 0x00000000d5580000)
  object space 156160K, 99% used [0x0000000080000000,0x000000008987e870,0x0000000089880000)
 Metaspace       used 66103K, committed 67648K, reserved 1114112K
  class space    used 6824K, committed 7488K, reserved 1048576K
}
Event: 88.487 GC heap before
{Heap before GC invocations=157 (full 3):
 PSYoungGen      total 3584K, used 2720K [0x00000000d5580000, 0x00000000d5a00000, 0x0000000100000000)
  eden space 2560K, 100% used [0x00000000d5580000,0x00000000d5800000,0x00000000d5800000)
  from space 1024K, 15% used [0x00000000d5800000,0x00000000d5828000,0x00000000d5900000)
  to   space 512K, 0% used [0x00000000d5980000,0x00000000d5980000,0x00000000d5a00000)
 ParOldGen       total 156160K, used 156154K [0x0000000080000000, 0x0000000089880000, 0x00000000d5580000)
  object space 156160K, 99% used [0x0000000080000000,0x000000008987e870,0x0000000089880000)
 Metaspace       used 66103K, committed 67648K, reserved 1114112K
  class space    used 6824K, committed 7488K, reserved 1048576K
}
Event: 88.492 GC heap after
{Heap after GC invocations=157 (full 3):
 PSYoungGen      total 3072K, used 498K [0x00000000d5580000, 0x00000000d5a00000, 0x0000000100000000)
  eden space 2560K, 0% used [0x00000000d5580000,0x00000000d5580000,0x00000000d5800000)
  from space 512K, 97% used [0x00000000d5980000,0x00000000d59fc970,0x00000000d5a00000)
  to   space 1024K, 0% used [0x00000000d5800000,0x00000000d5800000,0x00000000d5900000)
 ParOldGen       total 156672K, used 156391K [0x0000000080000000, 0x0000000089900000, 0x00000000d5580000)
  object space 156672K, 99% used [0x0000000080000000,0x00000000898b9ce8,0x0000000089900000)
 Metaspace       used 66103K, committed 67648K, reserved 1114112K
  class space    used 6824K, committed 7488K, reserved 1048576K
}
Event: 88.517 GC heap before
{Heap before GC invocations=158 (full 3):
 PSYoungGen      total 3072K, used 3058K [0x00000000d5580000, 0x00000000d5a00000, 0x0000000100000000)
  eden space 2560K, 100% used [0x00000000d5580000,0x00000000d5800000,0x00000000d5800000)
  from space 512K, 97% used [0x00000000d5980000,0x00000000d59fc970,0x00000000d5a00000)
  to   space 1024K, 0% used [0x00000000d5800000,0x00000000d5800000,0x00000000d5900000)
 ParOldGen       total 156672K, used 156391K [0x0000000080000000, 0x0000000089900000, 0x00000000d5580000)
  object space 156672K, 99% used [0x0000000080000000,0x00000000898b9ce8,0x0000000089900000)
 Metaspace       used 66103K, committed 67648K, reserved 1114112K
  class space    used 6824K, committed 7488K, reserved 1048576K
}
Event: 88.520 GC heap after
{Heap after GC invocations=158 (full 3):
 PSYoungGen      total 3584K, used 623K [0x00000000d5580000, 0x00000000d5a00000, 0x0000000100000000)
  eden space 2560K, 0% used [0x00000000d5580000,0x00000000d5580000,0x00000000d5800000)
  from space 1024K, 60% used [0x00000000d5800000,0x00000000d589bf18,0x00000000d5900000)
  to   space 1024K, 0% used [0x00000000d5900000,0x00000000d5900000,0x00000000d5a00000)
 ParOldGen       total 157184K, used 156828K [0x0000000080000000, 0x0000000089980000, 0x00000000d5580000)
  object space 157184K, 99% used [0x0000000080000000,0x0000000089927338,0x0000000089980000)
 Metaspace       used 66103K, committed 67648K, reserved 1114112K
  class space    used 6824K, committed 7488K, reserved 1048576K
}
Event: 88.535 GC heap before
{Heap before GC invocations=159 (full 3):
 PSYoungGen      total 3584K, used 3179K [0x00000000d5580000, 0x00000000d5a00000, 0x0000000100000000)
  eden space 2560K, 99% used [0x00000000d5580000,0x00000000d57fed90,0x00000000d5800000)
  from space 1024K, 60% used [0x00000000d5800000,0x00000000d589bf18,0x00000000d5900000)
  to   space 1024K, 0% used [0x00000000d5900000,0x00000000d5900000,0x00000000d5a00000)
 ParOldGen       total 157184K, used 156828K [0x0000000080000000, 0x0000000089980000, 0x00000000d5580000)
  object space 157184K, 99% used [0x0000000080000000,0x0000000089927338,0x0000000089980000)
 Metaspace       used 66103K, committed 67648K, reserved 1114112K
  class space    used 6824K, committed 7488K, reserved 1048576K
}
Event: 88.541 GC heap after
{Heap after GC invocations=159 (full 3):
 PSYoungGen      total 3584K, used 502K [0x00000000d5580000, 0x00000000d5a00000, 0x0000000100000000)
  eden space 2560K, 0% used [0x00000000d5580000,0x00000000d5580000,0x00000000d5800000)
  from space 1024K, 49% used [0x00000000d5900000,0x00000000d597d978,0x00000000d5a00000)
  to   space 1024K, 0% used [0x00000000d5800000,0x00000000d5800000,0x00000000d5900000)
 ParOldGen       total 157696K, used 157398K [0x0000000080000000, 0x0000000089a00000, 0x00000000d5580000)
  object space 157696K, 99% used [0x0000000080000000,0x00000000899b59e0,0x0000000089a00000)
 Metaspace       used 66103K, committed 67648K, reserved 1114112K
  class space    used 6824K, committed 7488K, reserved 1048576K
}
Event: 88.549 GC heap before
{Heap before GC invocations=160 (full 3):
 PSYoungGen      total 3584K, used 2953K [0x00000000d5580000, 0x00000000d5a00000, 0x0000000100000000)
  eden space 2560K, 95% used [0x00000000d5580000,0x00000000d57e4d90,0x00000000d5800000)
  from space 1024K, 49% used [0x00000000d5900000,0x00000000d597d978,0x00000000d5a00000)
  to   space 1024K, 0% used [0x00000000d5800000,0x00000000d5800000,0x00000000d5900000)
 ParOldGen       total 157696K, used 157398K [0x0000000080000000, 0x0000000089a00000, 0x00000000d5580000)
  object space 157696K, 99% used [0x0000000080000000,0x00000000899b59e0,0x0000000089a00000)
 Metaspace       used 66103K, committed 67648K, reserved 1114112K
  class space    used 6824K, committed 7488K, reserved 1048576K
}
Event: 88.552 GC heap after
{Heap after GC invocations=160 (full 3):
 PSYoungGen      total 3584K, used 435K [0x00000000d5580000, 0x00000000d5980000, 0x0000000100000000)
  eden space 2560K, 0% used [0x00000000d5580000,0x00000000d5580000,0x00000000d5800000)
  from space 1024K, 42% used [0x00000000d5800000,0x00000000d586cfd0,0x00000000d5900000)
  to   space 512K, 0% used [0x00000000d5900000,0x00000000d5900000,0x00000000d5980000)
 ParOldGen       total 158208K, used 157866K [0x0000000080000000, 0x0000000089a80000, 0x00000000d5580000)
  object space 158208K, 99% used [0x0000000080000000,0x0000000089a2a930,0x0000000089a80000)
 Metaspace       used 66103K, committed 67648K, reserved 1114112K
  class space    used 6824K, committed 7488K, reserved 1048576K
}
Event: 88.564 GC heap before
{Heap before GC invocations=161 (full 3):
 PSYoungGen      total 3584K, used 2995K [0x00000000d5580000, 0x00000000d5980000, 0x0000000100000000)
  eden space 2560K, 100% used [0x00000000d5580000,0x00000000d5800000,0x00000000d5800000)
  from space 1024K, 42% used [0x00000000d5800000,0x00000000d586cfd0,0x00000000d5900000)
  to   space 512K, 0% used [0x00000000d5900000,0x00000000d5900000,0x00000000d5980000)
 ParOldGen       total 158208K, used 157866K [0x0000000080000000, 0x0000000089a80000, 0x00000000d5580000)
  object space 158208K, 99% used [0x0000000080000000,0x0000000089a2a930,0x0000000089a80000)
 Metaspace       used 66103K, committed 67648K, reserved 1114112K
  class space    used 6824K, committed 7488K, reserved 1048576K
}
Event: 88.567 GC heap after
{Heap after GC invocations=161 (full 3):
 PSYoungGen      total 2048K, used 480K [0x00000000d5580000, 0x00000000d5c00000, 0x0000000100000000)
  eden space 1536K, 0% used [0x00000000d5580000,0x00000000d5580000,0x00000000d5700000)
  from space 512K, 93% used [0x00000000d5900000,0x00000000d59780f8,0x00000000d5980000)
  to   space 2048K, 0% used [0x00000000d5700000,0x00000000d5700000,0x00000000d5900000)
 ParOldGen       total 159232K, used 159062K [0x0000000080000000, 0x0000000089b80000, 0x00000000d5580000)
  object space 159232K, 99% used [0x0000000080000000,0x0000000089b55810,0x0000000089b80000)
 Metaspace       used 66103K, committed 67648K, reserved 1114112K
  class space    used 6824K, committed 7488K, reserved 1048576K
}

