# JRE version: OpenJDK Runtime Environment Temurin-21.0.8+9 (21.0.8+9) (build 21.0.8+9-LTS)
# Java VM: OpenJDK 64-Bit Server VM Temurin-21.0.8+9 (21.0.8+9-LTS, mixed mode, sharing, tiered, compressed oops, compressed class ptrs, parallel gc, windows-amd64)
GC Precious Log:
 CardTable entry size: 512
 CPUs: 4 total, 4 available
 Memory: 3857M
 Large Page Support: Disabled
 NUMA Support: Disabled
 Compressed Oops: Enabled (32-bit)
 Alignments: Space 512K, Generation 512K, Heap 2M
 Heap Min Capacity: 100M
 Heap Initial Capacity: 100M
 Heap Max Capacity: 2G
 Pre-touch: Disabled
 Parallel Workers: 4
Heap:
 PSYoungGen      total 9216K, used 1631K [0x00000000d5580000, 0x00000000d6480000, 0x0000000100000000)
  eden space 8704K, 13% used [0x00000000d5580000,0x00000000d569ff70,0x00000000d5e00000)
  from space 512K, 93% used [0x00000000d6400000,0x00000000d6478020,0x00000000d6480000)
  to   space 1024K, 0% used [0x00000000d6280000,0x00000000d6280000,0x00000000d6380000)
 ParOldGen       total 1155072K, used 1155024K [0x0000000080000000, 0x00000000c6800000, 0x00000000d5580000)
  object space 1155072K, 99% used [0x0000000080000000,0x00000000c67f42a0,0x00000000c6800000)
 Metaspace       used 91048K, committed 92672K, reserved 1179648K
  class space    used 8982K, committed 9728K, reserved 1048576K
GC Heap History (20 events):
Event: 19777.768 GC heap before
{Heap before GC invocations=3426 (full 7):
 PSYoungGen      total 6656K, used 6240K [0x00000000d5580000, 0x00000000d5e80000, 0x0000000100000000)
  eden space 6144K, 100% used [0x00000000d5580000,0x00000000d5b80000,0x00000000d5b80000)
  from space 512K, 18% used [0x00000000d5e00000,0x00000000d5e18000,0x00000000d5e80000)
  to   space 512K, 0% used [0x00000000d5d80000,0x00000000d5d80000,0x00000000d5e00000)
 ParOldGen       total 1091072K, used 1091030K [0x0000000080000000, 0x00000000c2980000, 0x00000000d5580000)
  object space 1091072K, 99% used [0x0000000080000000,0x00000000c2975b18,0x00000000c2980000)
 Metaspace       used 91029K, committed 92672K, reserved 1179648K
  class space    used 8982K, committed 9728K, reserved 1048576K
}
Event: 19777.775 GC heap after
{Heap after GC invocations=3426 (full 7):
 PSYoungGen      total 6656K, used 512K [0x00000000d5580000, 0x00000000d6580000, 0x0000000100000000)
  eden space 6144K, 0% used [0x00000000d5580000,0x00000000d5580000,0x00000000d5b80000)
  from space 512K, 100% used [0x00000000d5d80000,0x00000000d5e00000,0x00000000d5e00000)
  to   space 5120K, 0% used [0x00000000d6080000,0x00000000d6080000,0x00000000d6580000)
 ParOldGen       total 1095168K, used 1094679K [0x0000000080000000, 0x00000000c2d80000, 0x00000000d5580000)
  object space 1095168K, 99% used [0x0000000080000000,0x00000000c2d05fd8,0x00000000c2d80000)
 Metaspace       used 91029K, committed 92672K, reserved 1179648K
  class space    used 8982K, committed 9728K, reserved 1048576K
}
Event: 19777.794 GC heap before
{Heap before GC invocations=3427 (full 7):
 PSYoungGen      total 6656K, used 6656K [0x00000000d5580000, 0x00000000d6580000, 0x0000000100000000)
  eden space 6144K, 100% used [0x00000000d5580000,0x00000000d5b80000,0x00000000d5b80000)
  from space 512K, 100% used [0x00000000d5d80000,0x00000000d5e00000,0x00000000d5e00000)
  to   space 5120K, 0% used [0x00000000d6080000,0x00000000d6080000,0x00000000d6580000)
 ParOldGen       total 1095168K, used 1094679K [0x0000000080000000, 0x00000000c2d80000, 0x00000000d5580000)
  object space 1095168K, 99% used [0x0000000080000000,0x00000000c2d05fd8,0x00000000c2d80000)
 Metaspace       used 91029K, committed 92672K, reserved 1179648K
  class space    used 8982K, committed 9728K, reserved 1048576K
}
Event: 19777.805 GC heap after
{Heap after GC invocations=3427 (full 7):
 PSYoungGen      total 9728K, used 5120K [0x00000000d5580000, 0x00000000d6880000, 0x0000000100000000)
  eden space 4608K, 0% used [0x00000000d5580000,0x00000000d5580000,0x00000000d5a00000)
  from space 5120K, 100% used [0x00000000d6080000,0x00000000d6580000,0x00000000d6580000)
  to   space 6656K, 0% used [0x00000000d5a00000,0x00000000d5a00000,0x00000000d6080000)
 ParOldGen       total 1095680K, used 1095647K [0x0000000080000000, 0x00000000c2e00000, 0x00000000d5580000)
  object space 1095680K, 99% used [0x0000000080000000,0x00000000c2df7fe8,0x00000000c2e00000)
 Metaspace       used 91029K, committed 92672K, reserved 1179648K
  class space    used 8982K, committed 9728K, reserved 1048576K
}
Event: 19777.823 GC heap before
{Heap before GC invocations=3428 (full 7):
 PSYoungGen      total 9728K, used 9646K [0x00000000d5580000, 0x00000000d6880000, 0x0000000100000000)
  eden space 4608K, 98% used [0x00000000d5580000,0x00000000d59eb850,0x00000000d5a00000)
  from space 5120K, 100% used [0x00000000d6080000,0x00000000d6580000,0x00000000d6580000)
  to   space 6656K, 0% used [0x00000000d5a00000,0x00000000d5a00000,0x00000000d6080000)
 ParOldGen       total 1095680K, used 1095647K [0x0000000080000000, 0x00000000c2e00000, 0x00000000d5580000)
  object space 1095680K, 99% used [0x0000000080000000,0x00000000c2df7fe8,0x00000000c2e00000)
 Metaspace       used 91029K, committed 92672K, reserved 1179648K
  class space    used 8982K, committed 9728K, reserved 1048576K
}
Event: 19777.835 GC heap after
{Heap after GC invocations=3428 (full 7):
 PSYoungGen      total 8704K, used 3752K [0x00000000d5580000, 0x00000000d6400000, 0x0000000100000000)
  eden space 4608K, 0% used [0x00000000d5580000,0x00000000d5580000,0x00000000d5a00000)
  from space 4096K, 91% used [0x00000000d5a00000,0x00000000d5daa0f0,0x00000000d5e00000)
  to   space 4608K, 0% used [0x00000000d5f80000,0x00000000d5f80000,0x00000000d6400000)
 ParOldGen       total 1100800K, used 1100791K [0x0000000080000000, 0x00000000c3300000, 0x00000000d5580000)
  object space 1100800K, 99% used [0x0000000080000000,0x00000000c32fdfe8,0x00000000c3300000)
 Metaspace       used 91029K, committed 92672K, reserved 1179648K
  class space    used 8982K, committed 9728K, reserved 1048576K
}
Event: 19777.845 GC heap before
{Heap before GC invocations=3429 (full 7):
 PSYoungGen      total 8704K, used 8360K [0x00000000d5580000, 0x00000000d6400000, 0x0000000100000000)
  eden space 4608K, 100% used [0x00000000d5580000,0x00000000d5a00000,0x00000000d5a00000)
  from space 4096K, 91% used [0x00000000d5a00000,0x00000000d5daa0f0,0x00000000d5e00000)
  to   space 4608K, 0% used [0x00000000d5f80000,0x00000000d5f80000,0x00000000d6400000)
 ParOldGen       total 1100800K, used 1100791K [0x0000000080000000, 0x00000000c3300000, 0x00000000d5580000)
  object space 1100800K, 99% used [0x0000000080000000,0x00000000c32fdfe8,0x00000000c3300000)
 Metaspace       used 91029K, committed 92672K, reserved 1179648K
  class space    used 8982K, committed 9728K, reserved 1048576K
}
Event: 19777.857 GC heap after
{Heap after GC invocations=3429 (full 7):
 PSYoungGen      total 9728K, used 4490K [0x00000000d5580000, 0x00000000d6500000, 0x0000000100000000)
  eden space 5120K, 0% used [0x00000000d5580000,0x00000000d5580000,0x00000000d5a80000)
  from space 4608K, 97% used [0x00000000d5f80000,0x00000000d63e28e8,0x00000000d6400000)
  to   space 5120K, 0% used [0x00000000d5a80000,0x00000000d5a80000,0x00000000d5f80000)
 ParOldGen       total 1104896K, used 1104467K [0x0000000080000000, 0x00000000c3700000, 0x00000000d5580000)
  object space 1104896K, 99% used [0x0000000080000000,0x00000000c3694cb0,0x00000000c3700000)
 Metaspace       used 91029K, committed 92672K, reserved 1179648K
  class space    used 8982K, committed 9728K, reserved 1048576K
}
Event: 19777.957 GC heap before
{Heap before GC invocations=3430 (full 7):
 PSYoungGen      total 9728K, used 9229K [0x00000000d5580000, 0x00000000d6500000, 0x0000000100000000)
  eden space 5120K, 92% used [0x00000000d5580000,0x00000000d5a20d60,0x00000000d5a80000)
  from space 4608K, 97% used [0x00000000d5f80000,0x00000000d63e28e8,0x00000000d6400000)
  to   space 5120K, 0% used [0x00000000d5a80000,0x00000000d5a80000,0x00000000d5f80000)
 ParOldGen       total 1104896K, used 1104467K [0x0000000080000000, 0x00000000c3700000, 0x00000000d5580000)
  object space 1104896K, 99% used [0x0000000080000000,0x00000000c3694cb0,0x00000000c3700000)
 Metaspace       used 91029K, committed 92672K, reserved 1179648K
  class space    used 8982K, committed 9728K, reserved 1048576K
}
Event: 19777.968 GC heap after
{Heap after GC invocations=3430 (full 7):
 PSYoungGen      total 10240K, used 3970K [0x00000000d5580000, 0x00000000d6480000, 0x0000000100000000)
  eden space 5120K, 0% used [0x00000000d5580000,0x00000000d5580000,0x00000000d5a80000)
  from space 5120K, 77% used [0x00000000d5a80000,0x00000000d5e60838,0x00000000d5f80000)
  to   space 4608K, 0% used [0x00000000d6000000,0x00000000d6000000,0x00000000d6480000)
 ParOldGen       total 1108992K, used 1108773K [0x0000000080000000, 0x00000000c3b00000, 0x00000000d5580000)
  object space 1108992K, 99% used [0x0000000080000000,0x00000000c3ac94b0,0x00000000c3b00000)
 Metaspace       used 91029K, committed 92672K, reserved 1179648K
  class space    used 8982K, committed 9728K, reserved 1048576K
}
Event: 19778.133 GC heap before
{Heap before GC invocations=3431 (full 7):
 PSYoungGen      total 10240K, used 8927K [0x00000000d5580000, 0x00000000d6480000, 0x0000000100000000)
  eden space 5120K, 96% used [0x00000000d5580000,0x00000000d5a57790,0x00000000d5a80000)
  from space 5120K, 77% used [0x00000000d5a80000,0x00000000d5e60838,0x00000000d5f80000)
  to   space 4608K, 0% used [0x00000000d6000000,0x00000000d6000000,0x00000000d6480000)
 ParOldGen       total 1108992K, used 1108773K [0x0000000080000000, 0x00000000c3b00000, 0x00000000d5580000)
  object space 1108992K, 99% used [0x0000000080000000,0x00000000c3ac94b0,0x00000000c3b00000)
 Metaspace       used 91030K, committed 92672K, reserved 1179648K
  class space    used 8982K, committed 9728K, reserved 1048576K
}
Event: 19778.153 GC heap after
{Heap after GC invocations=3431 (full 7):
 PSYoungGen      total 8704K, used 2325K [0x00000000d5580000, 0x00000000d6280000, 0x0000000100000000)
  eden space 6144K, 0% used [0x00000000d5580000,0x00000000d5580000,0x00000000d5b80000)
  from space 2560K, 90% used [0x00000000d6000000,0x00000000d6245408,0x00000000d6280000)
  to   space 3072K, 0% used [0x00000000d5c80000,0x00000000d5c80000,0x00000000d5f80000)
 ParOldGen       total 1111552K, used 1111221K [0x0000000080000000, 0x00000000c3d80000, 0x00000000d5580000)
  object space 1111552K, 99% used [0x0000000080000000,0x00000000c3d2d4b0,0x00000000c3d80000)
 Metaspace       used 91030K, committed 92672K, reserved 1179648K
  class space    used 8982K, committed 9728K, reserved 1048576K
}
Event: 19778.216 GC heap before
{Heap before GC invocations=3432 (full 7):
 PSYoungGen      total 8704K, used 8469K [0x00000000d5580000, 0x00000000d6280000, 0x0000000100000000)
  eden space 6144K, 100% used [0x00000000d5580000,0x00000000d5b80000,0x00000000d5b80000)
  from space 2560K, 90% used [0x00000000d6000000,0x00000000d6245408,0x00000000d6280000)
  to   space 3072K, 0% used [0x00000000d5c80000,0x00000000d5c80000,0x00000000d5f80000)
 ParOldGen       total 1131520K, used 1130421K [0x0000000080000000, 0x00000000c5100000, 0x00000000d5580000)
  object space 1131520K, 99% used [0x0000000080000000,0x00000000c4fed4d0,0x00000000c5100000)
 Metaspace       used 91033K, committed 92672K, reserved 1179648K
  class space    used 8982K, committed 9728K, reserved 1048576K
}
Event: 19778.229 GC heap after
{Heap after GC invocations=3432 (full 7):
 PSYoungGen      total 10240K, used 3069K [0x00000000d5580000, 0x00000000d6f00000, 0x0000000100000000)
  eden space 7168K, 0% used [0x00000000d5580000,0x00000000d5580000,0x00000000d5c80000)
  from space 3072K, 99% used [0x00000000d5c80000,0x00000000d5f7f428,0x00000000d5f80000)
  to   space 9216K, 0% used [0x00000000d6600000,0x00000000d6600000,0x00000000d6f00000)
 ParOldGen       total 1135616K, used 1135258K [0x0000000080000000, 0x00000000c5500000, 0x00000000d5580000)
  object space 1135616K, 99% used [0x0000000080000000,0x00000000c54a68d8,0x00000000c5500000)
 Metaspace       used 91033K, committed 92672K, reserved 1179648K
  class space    used 8982K, committed 9728K, reserved 1048576K
}
Event: 19778.368 GC heap before
{Heap before GC invocations=3433 (full 7):
 PSYoungGen      total 10240K, used 10237K [0x00000000d5580000, 0x00000000d6f00000, 0x0000000100000000)
  eden space 7168K, 100% used [0x00000000d5580000,0x00000000d5c80000,0x00000000d5c80000)
  from space 3072K, 99% used [0x00000000d5c80000,0x00000000d5f7f428,0x00000000d5f80000)
  to   space 9216K, 0% used [0x00000000d6600000,0x00000000d6600000,0x00000000d6f00000)
 ParOldGen       total 1147392K, used 1146778K [0x0000000080000000, 0x00000000c6080000, 0x00000000d5580000)
  object space 1147392K, 99% used [0x0000000080000000,0x00000000c5fe68e8,0x00000000c6080000)
 Metaspace       used 91035K, committed 92672K, reserved 1179648K
  class space    used 8982K, committed 9728K, reserved 1048576K
}
Event: 19778.381 GC heap after
{Heap after GC invocations=3433 (full 7):
 PSYoungGen      total 11776K, used 4576K [0x00000000d5580000, 0x00000000d6a80000, 0x0000000100000000)
  eden space 7168K, 0% used [0x00000000d5580000,0x00000000d5580000,0x00000000d5c80000)
  from space 4608K, 99% used [0x00000000d6600000,0x00000000d6a78000,0x00000000d6a80000)
  to   space 6144K, 0% used [0x00000000d5e80000,0x00000000d5e80000,0x00000000d6480000)
 ParOldGen       total 1149952K, used 1149791K [0x0000000080000000, 0x00000000c6300000, 0x00000000d5580000)
  object space 1149952K, 99% used [0x0000000080000000,0x00000000c62d7cf0,0x00000000c6300000)
 Metaspace       used 91035K, committed 92672K, reserved 1179648K
  class space    used 8982K, committed 9728K, reserved 1048576K
}
Event: 19778.404 GC heap before
{Heap before GC invocations=3434 (full 7):
 PSYoungGen      total 11776K, used 11744K [0x00000000d5580000, 0x00000000d6a80000, 0x0000000100000000)
  eden space 7168K, 100% used [0x00000000d5580000,0x00000000d5c80000,0x00000000d5c80000)
  from space 4608K, 99% used [0x00000000d6600000,0x00000000d6a78000,0x00000000d6a80000)
  to   space 6144K, 0% used [0x00000000d5e80000,0x00000000d5e80000,0x00000000d6480000)
 ParOldGen       total 1149952K, used 1149791K [0x0000000080000000, 0x00000000c6300000, 0x00000000d5580000)
  object space 1149952K, 99% used [0x0000000080000000,0x00000000c62d7cf0,0x00000000c6300000)
 Metaspace       used 91035K, committed 92672K, reserved 1179648K
  class space    used 8982K, committed 9728K, reserved 1048576K
}
Event: 19778.413 GC heap after
{Heap after GC invocations=3434 (full 7):
 PSYoungGen      total 9728K, used 788K [0x00000000d5580000, 0x00000000d6680000, 0x0000000100000000)
  eden space 8704K, 0% used [0x00000000d5580000,0x00000000d5580000,0x00000000d5e00000)
  from space 1024K, 77% used [0x00000000d5e80000,0x00000000d5f45200,0x00000000d5f80000)
  to   space 2560K, 0% used [0x00000000d6400000,0x00000000d6400000,0x00000000d6680000)
 ParOldGen       total 1154560K, used 1154327K [0x0000000080000000, 0x00000000c6780000, 0x00000000d5580000)
  object space 1154560K, 99% used [0x0000000080000000,0x00000000c6745cf0,0x00000000c6780000)
 Metaspace       used 91035K, committed 92672K, reserved 1179648K
  class space    used 8982K, committed 9728K, reserved 1048576K
}
Event: 19968.718 GC heap before
{Heap before GC invocations=3435 (full 7):
 PSYoungGen      total 9728K, used 9492K [0x00000000d5580000, 0x00000000d6680000, 0x0000000100000000)
  eden space 8704K, 99% used [0x00000000d5580000,0x00000000d5dfff60,0x00000000d5e00000)
  from space 1024K, 77% used [0x00000000d5e80000,0x00000000d5f45200,0x00000000d5f80000)
  to   space 2560K, 0% used [0x00000000d6400000,0x00000000d6400000,0x00000000d6680000)
 ParOldGen       total 1154560K, used 1154327K [0x0000000080000000, 0x00000000c6780000, 0x00000000d5580000)
  object space 1154560K, 99% used [0x0000000080000000,0x00000000c6745cf0,0x00000000c6780000)
 Metaspace       used 91048K, committed 92672K, reserved 1179648K
  class space    used 8982K, committed 9728K, reserved 1048576K
}
Event: 19968.988 GC heap after
{Heap after GC invocations=3435 (full 7):
 PSYoungGen      total 9216K, used 480K [0x00000000d5580000, 0x00000000d6480000, 0x0000000100000000)
  eden space 8704K, 0% used [0x00000000d5580000,0x00000000d5580000,0x00000000d5e00000)
  from space 512K, 93% used [0x00000000d6400000,0x00000000d6478020,0x00000000d6480000)
  to   space 1024K, 0% used [0x00000000d6280000,0x00000000d6280000,0x00000000d6380000)
 ParOldGen       total 1155072K, used 1155024K [0x0000000080000000, 0x00000000c6800000, 0x00000000d5580000)
  object space 1155072K, 99% used [0x0000000080000000,0x00000000c67f42a0,0x00000000c6800000)
 Metaspace       used 91048K, committed 92672K, reserved 1179648K
  class space    used 8982K, committed 9728K, reserved 1048576K
}

