# JRE version: OpenJDK Runtime Environment Temurin-21.0.8+9 (21.0.8+9) (build 21.0.8+9-LTS)
# Java VM: OpenJDK 64-Bit Server VM Temurin-21.0.8+9 (21.0.8+9-LTS, mixed mode, sharing, tiered, compressed oops, compressed class ptrs, parallel gc, windows-amd64)
GC Precious Log:
 CardTable entry size: 512
 CPUs: 4 total, 4 available
 Memory: 3857M
 Large Page Support: Disabled
 NUMA Support: Disabled
 Compressed Oops: Enabled (32-bit)
 Alignments: Space 512K, Generation 512K, Heap 2M
 Heap Min Capacity: 100M
 Heap Initial Capacity: 100M
 Heap Max Capacity: 2G
 Pre-touch: Disabled
 Parallel Workers: 4
Heap:
 PSYoungGen      total 8704K, used 6344K [0x00000000d5580000, 0x00000000d6380000, 0x0000000100000000)
  eden space 7680K, 71% used [0x00000000d5580000,0x00000000d5ad91e8,0x00000000d5d00000)
  from space 1024K, 84% used [0x00000000d6280000,0x00000000d6359210,0x00000000d6380000)
  to   space 1024K, 0% used [0x00000000d6180000,0x00000000d6180000,0x00000000d6280000)
 ParOldGen       total 946688K, used 946436K [0x0000000080000000, 0x00000000b9c80000, 0x00000000d5580000)
  object space 946688K, 99% used [0x0000000080000000,0x00000000b9c41218,0x00000000b9c80000)
 Metaspace       used 96263K, committed 98112K, reserved 1179648K
  class space    used 10065K, committed 10944K, reserved 1048576K
GC Heap History (20 events):
Event: 5370.928 GC heap before
{Heap before GC invocations=3102 (full 5):
 PSYoungGen      total 4096K, used 4068K [0x00000000d5580000, 0x00000000d5d80000, 0x0000000100000000)
  eden space 3072K, 100% used [0x00000000d5580000,0x00000000d5880000,0x00000000d5880000)
  from space 1024K, 97% used [0x00000000d5c00000,0x00000000d5cf9228,0x00000000d5d00000)
  to   space 2560K, 0% used [0x00000000d5880000,0x00000000d5880000,0x00000000d5b00000)
 ParOldGen       total 916480K, used 916083K [0x0000000080000000, 0x00000000b7f00000, 0x00000000d5580000)
  object space 916480K, 99% used [0x0000000080000000,0x00000000b7e9cf58,0x00000000b7f00000)
 Metaspace       used 96245K, committed 98048K, reserved 1179648K
  class space    used 10065K, committed 10944K, reserved 1048576K
}
Event: 5370.939 GC heap after
{Heap after GC invocations=3102 (full 5):
 PSYoungGen      total 5632K, used 2560K [0x00000000d5580000, 0x00000000d6280000, 0x0000000100000000)
  eden space 3072K, 0% used [0x00000000d5580000,0x00000000d5580000,0x00000000d5880000)
  from space 2560K, 100% used [0x00000000d5880000,0x00000000d5b00000,0x00000000d5b00000)
  to   space 4608K, 0% used [0x00000000d5e00000,0x00000000d5e00000,0x00000000d6280000)
 ParOldGen       total 918016K, used 917544K [0x0000000080000000, 0x00000000b8080000, 0x00000000d5580000)
  object space 918016K, 99% used [0x0000000080000000,0x00000000b800a190,0x00000000b8080000)
 Metaspace       used 96245K, committed 98048K, reserved 1179648K
  class space    used 10065K, committed 10944K, reserved 1048576K
}
Event: 5370.948 GC heap before
{Heap before GC invocations=3103 (full 5):
 PSYoungGen      total 5632K, used 5632K [0x00000000d5580000, 0x00000000d6280000, 0x0000000100000000)
  eden space 3072K, 100% used [0x00000000d5580000,0x00000000d5880000,0x00000000d5880000)
  from space 2560K, 100% used [0x00000000d5880000,0x00000000d5b00000,0x00000000d5b00000)
  to   space 4608K, 0% used [0x00000000d5e00000,0x00000000d5e00000,0x00000000d6280000)
 ParOldGen       total 918016K, used 917544K [0x0000000080000000, 0x00000000b8080000, 0x00000000d5580000)
  object space 918016K, 99% used [0x0000000080000000,0x00000000b800a190,0x00000000b8080000)
 Metaspace       used 96245K, committed 98048K, reserved 1179648K
  class space    used 10065K, committed 10944K, reserved 1048576K
}
Event: 5370.960 GC heap after
{Heap after GC invocations=3103 (full 5):
 PSYoungGen      total 7680K, used 3104K [0x00000000d5580000, 0x00000000d6180000, 0x0000000100000000)
  eden space 4096K, 0% used [0x00000000d5580000,0x00000000d5580000,0x00000000d5980000)
  from space 3584K, 86% used [0x00000000d5e00000,0x00000000d6108000,0x00000000d6180000)
  to   space 3584K, 0% used [0x00000000d5a80000,0x00000000d5a80000,0x00000000d5e00000)
 ParOldGen       total 920576K, used 920144K [0x0000000080000000, 0x00000000b8300000, 0x00000000d5580000)
  object space 920576K, 99% used [0x0000000080000000,0x00000000b8294190,0x00000000b8300000)
 Metaspace       used 96245K, committed 98048K, reserved 1179648K
  class space    used 10065K, committed 10944K, reserved 1048576K
}
Event: 5371.007 GC heap before
{Heap before GC invocations=3104 (full 5):
 PSYoungGen      total 7680K, used 7200K [0x00000000d5580000, 0x00000000d6180000, 0x0000000100000000)
  eden space 4096K, 100% used [0x00000000d5580000,0x00000000d5980000,0x00000000d5980000)
  from space 3584K, 86% used [0x00000000d5e00000,0x00000000d6108000,0x00000000d6180000)
  to   space 3584K, 0% used [0x00000000d5a80000,0x00000000d5a80000,0x00000000d5e00000)
 ParOldGen       total 920576K, used 920144K [0x0000000080000000, 0x00000000b8300000, 0x00000000d5580000)
  object space 920576K, 99% used [0x0000000080000000,0x00000000b8294190,0x00000000b8300000)
 Metaspace       used 96245K, committed 98048K, reserved 1179648K
  class space    used 10065K, committed 10944K, reserved 1048576K
}
Event: 5371.018 GC heap after
{Heap after GC invocations=3104 (full 5):
 PSYoungGen      total 8704K, used 3584K [0x00000000d5580000, 0x00000000d6a80000, 0x0000000100000000)
  eden space 5120K, 0% used [0x00000000d5580000,0x00000000d5580000,0x00000000d5a80000)
  from space 3584K, 100% used [0x00000000d5a80000,0x00000000d5e00000,0x00000000d5e00000)
  to   space 8192K, 0% used [0x00000000d6280000,0x00000000d6280000,0x00000000d6a80000)
 ParOldGen       total 923648K, used 923616K [0x0000000080000000, 0x00000000b8600000, 0x00000000d5580000)
  object space 923648K, 99% used [0x0000000080000000,0x00000000b85f8190,0x00000000b8600000)
 Metaspace       used 96245K, committed 98048K, reserved 1179648K
  class space    used 10065K, committed 10944K, reserved 1048576K
}
Event: 5371.080 GC heap before
{Heap before GC invocations=3105 (full 5):
 PSYoungGen      total 8704K, used 8704K [0x00000000d5580000, 0x00000000d6a80000, 0x0000000100000000)
  eden space 5120K, 100% used [0x00000000d5580000,0x00000000d5a80000,0x00000000d5a80000)
  from space 3584K, 100% used [0x00000000d5a80000,0x00000000d5e00000,0x00000000d5e00000)
  to   space 8192K, 0% used [0x00000000d6280000,0x00000000d6280000,0x00000000d6a80000)
 ParOldGen       total 923648K, used 923616K [0x0000000080000000, 0x00000000b8600000, 0x00000000d5580000)
  object space 923648K, 99% used [0x0000000080000000,0x00000000b85f8190,0x00000000b8600000)
 Metaspace       used 96245K, committed 98048K, reserved 1179648K
  class space    used 10065K, committed 10944K, reserved 1048576K
}
Event: 5371.094 GC heap after
{Heap after GC invocations=3105 (full 5):
 PSYoungGen      total 10240K, used 4058K [0x00000000d5580000, 0x00000000d6680000, 0x0000000100000000)
  eden space 6144K, 0% used [0x00000000d5580000,0x00000000d5580000,0x00000000d5b80000)
  from space 4096K, 99% used [0x00000000d6280000,0x00000000d6676800,0x00000000d6680000)
  to   space 5632K, 0% used [0x00000000d5b80000,0x00000000d5b80000,0x00000000d6100000)
 ParOldGen       total 927232K, used 927216K [0x0000000080000000, 0x00000000b8980000, 0x00000000d5580000)
  object space 927232K, 99% used [0x0000000080000000,0x00000000b897c190,0x00000000b8980000)
 Metaspace       used 96245K, committed 98048K, reserved 1179648K
  class space    used 10065K, committed 10944K, reserved 1048576K
}
Event: 5371.229 GC heap before
{Heap before GC invocations=3106 (full 5):
 PSYoungGen      total 10240K, used 10202K [0x00000000d5580000, 0x00000000d6680000, 0x0000000100000000)
  eden space 6144K, 100% used [0x00000000d5580000,0x00000000d5b80000,0x00000000d5b80000)
  from space 4096K, 99% used [0x00000000d6280000,0x00000000d6676800,0x00000000d6680000)
  to   space 5632K, 0% used [0x00000000d5b80000,0x00000000d5b80000,0x00000000d6100000)
 ParOldGen       total 927232K, used 927216K [0x0000000080000000, 0x00000000b8980000, 0x00000000d5580000)
  object space 927232K, 99% used [0x0000000080000000,0x00000000b897c190,0x00000000b8980000)
 Metaspace       used 96248K, committed 98048K, reserved 1179648K
  class space    used 10065K, committed 10944K, reserved 1048576K
}
Event: 5371.242 GC heap after
{Heap after GC invocations=3106 (full 5):
 PSYoungGen      total 11776K, used 5614K [0x00000000d5580000, 0x00000000d7100000, 0x0000000100000000)
  eden space 6144K, 0% used [0x00000000d5580000,0x00000000d5580000,0x00000000d5b80000)
  from space 5632K, 99% used [0x00000000d5b80000,0x00000000d60fb810,0x00000000d6100000)
  to   space 10240K, 0% used [0x00000000d6700000,0x00000000d6700000,0x00000000d7100000)
 ParOldGen       total 930816K, used 930744K [0x0000000080000000, 0x00000000b8d00000, 0x00000000d5580000)
  object space 930816K, 99% used [0x0000000080000000,0x00000000b8cee190,0x00000000b8d00000)
 Metaspace       used 96248K, committed 98048K, reserved 1179648K
  class space    used 10065K, committed 10944K, reserved 1048576K
}
Event: 5371.296 GC heap before
{Heap before GC invocations=3107 (full 5):
 PSYoungGen      total 11776K, used 11758K [0x00000000d5580000, 0x00000000d7100000, 0x0000000100000000)
  eden space 6144K, 100% used [0x00000000d5580000,0x00000000d5b80000,0x00000000d5b80000)
  from space 5632K, 99% used [0x00000000d5b80000,0x00000000d60fb810,0x00000000d6100000)
  to   space 10240K, 0% used [0x00000000d6700000,0x00000000d6700000,0x00000000d7100000)
 ParOldGen       total 930816K, used 930744K [0x0000000080000000, 0x00000000b8d00000, 0x00000000d5580000)
  object space 930816K, 99% used [0x0000000080000000,0x00000000b8cee190,0x00000000b8d00000)
 Metaspace       used 96248K, committed 98048K, reserved 1179648K
  class space    used 10065K, committed 10944K, reserved 1048576K
}
Event: 5371.311 GC heap after
{Heap after GC invocations=3107 (full 5):
 PSYoungGen      total 13824K, used 5840K [0x00000000d5580000, 0x00000000d6d00000, 0x0000000100000000)
  eden space 7680K, 0% used [0x00000000d5580000,0x00000000d5580000,0x00000000d5d00000)
  from space 6144K, 95% used [0x00000000d6700000,0x00000000d6cb4000,0x00000000d6d00000)
  to   space 7168K, 0% used [0x00000000d5f00000,0x00000000d5f00000,0x00000000d6600000)
 ParOldGen       total 936960K, used 936723K [0x0000000080000000, 0x00000000b9300000, 0x00000000d5580000)
  object space 936960K, 99% used [0x0000000080000000,0x00000000b92c4da8,0x00000000b9300000)
 Metaspace       used 96248K, committed 98048K, reserved 1179648K
  class space    used 10065K, committed 10944K, reserved 1048576K
}
Event: 5371.586 GC heap before
{Heap before GC invocations=3108 (full 5):
 PSYoungGen      total 13824K, used 13520K [0x00000000d5580000, 0x00000000d6d00000, 0x0000000100000000)
  eden space 7680K, 100% used [0x00000000d5580000,0x00000000d5d00000,0x00000000d5d00000)
  from space 6144K, 95% used [0x00000000d6700000,0x00000000d6cb4000,0x00000000d6d00000)
  to   space 7168K, 0% used [0x00000000d5f00000,0x00000000d5f00000,0x00000000d6600000)
 ParOldGen       total 936960K, used 936723K [0x0000000080000000, 0x00000000b9300000, 0x00000000d5580000)
  object space 936960K, 99% used [0x0000000080000000,0x00000000b92c4da8,0x00000000b9300000)
 Metaspace       used 96253K, committed 98112K, reserved 1179648K
  class space    used 10065K, committed 10944K, reserved 1048576K
}
Event: 5371.604 GC heap after
{Heap after GC invocations=3108 (full 5):
 PSYoungGen      total 10752K, used 2644K [0x00000000d5580000, 0x00000000d6780000, 0x0000000100000000)
  eden space 7680K, 0% used [0x00000000d5580000,0x00000000d5580000,0x00000000d5d00000)
  from space 3072K, 86% used [0x00000000d5f00000,0x00000000d6195200,0x00000000d6200000)
  to   space 4096K, 0% used [0x00000000d6380000,0x00000000d6380000,0x00000000d6780000)
 ParOldGen       total 942592K, used 942219K [0x0000000080000000, 0x00000000b9880000, 0x00000000d5580000)
  object space 942592K, 99% used [0x0000000080000000,0x00000000b9822da8,0x00000000b9880000)
 Metaspace       used 96253K, committed 98112K, reserved 1179648K
  class space    used 10065K, committed 10944K, reserved 1048576K
}
Event: 5372.250 GC heap before
{Heap before GC invocations=3109 (full 5):
 PSYoungGen      total 10752K, used 10324K [0x00000000d5580000, 0x00000000d6780000, 0x0000000100000000)
  eden space 7680K, 100% used [0x00000000d5580000,0x00000000d5d00000,0x00000000d5d00000)
  from space 3072K, 86% used [0x00000000d5f00000,0x00000000d6195200,0x00000000d6200000)
  to   space 4096K, 0% used [0x00000000d6380000,0x00000000d6380000,0x00000000d6780000)
 ParOldGen       total 942592K, used 942219K [0x0000000080000000, 0x00000000b9880000, 0x00000000d5580000)
  object space 942592K, 99% used [0x0000000080000000,0x00000000b9822da8,0x00000000b9880000)
 Metaspace       used 96255K, committed 98112K, reserved 1179648K
  class space    used 10065K, committed 10944K, reserved 1048576K
}
Event: 5372.258 GC heap after
{Heap after GC invocations=3109 (full 5):
 PSYoungGen      total 8704K, used 852K [0x00000000d5580000, 0x00000000d6480000, 0x0000000100000000)
  eden space 7680K, 0% used [0x00000000d5580000,0x00000000d5580000,0x00000000d5d00000)
  from space 1024K, 83% used [0x00000000d6380000,0x00000000d6455200,0x00000000d6480000)
  to   space 2048K, 0% used [0x00000000d6080000,0x00000000d6080000,0x00000000d6280000)
 ParOldGen       total 945152K, used 944817K [0x0000000080000000, 0x00000000b9b00000, 0x00000000d5580000)
  object space 945152K, 99% used [0x0000000080000000,0x00000000b9aac698,0x00000000b9b00000)
 Metaspace       used 96255K, committed 98112K, reserved 1179648K
  class space    used 10065K, committed 10944K, reserved 1048576K
}
Event: 5372.288 GC heap before
{Heap before GC invocations=3110 (full 5):
 PSYoungGen      total 8704K, used 8532K [0x00000000d5580000, 0x00000000d6480000, 0x0000000100000000)
  eden space 7680K, 100% used [0x00000000d5580000,0x00000000d5d00000,0x00000000d5d00000)
  from space 1024K, 83% used [0x00000000d6380000,0x00000000d6455200,0x00000000d6480000)
  to   space 2048K, 0% used [0x00000000d6080000,0x00000000d6080000,0x00000000d6280000)
 ParOldGen       total 945152K, used 944817K [0x0000000080000000, 0x00000000b9b00000, 0x00000000d5580000)
  object space 945152K, 99% used [0x0000000080000000,0x00000000b9aac698,0x00000000b9b00000)
 Metaspace       used 96255K, committed 98112K, reserved 1179648K
  class space    used 10065K, committed 10944K, reserved 1048576K
}
Event: 5372.295 GC heap after
{Heap after GC invocations=3110 (full 5):
 PSYoungGen      total 9728K, used 932K [0x00000000d5580000, 0x00000000d6400000, 0x0000000100000000)
  eden space 7680K, 0% used [0x00000000d5580000,0x00000000d5580000,0x00000000d5d00000)
  from space 2048K, 45% used [0x00000000d6080000,0x00000000d6169210,0x00000000d6280000)
  to   space 1536K, 0% used [0x00000000d6280000,0x00000000d6280000,0x00000000d6400000)
 ParOldGen       total 945664K, used 945591K [0x0000000080000000, 0x00000000b9b80000, 0x00000000d5580000)
  object space 945664K, 99% used [0x0000000080000000,0x00000000b9b6dc58,0x00000000b9b80000)
 Metaspace       used 96255K, committed 98112K, reserved 1179648K
  class space    used 10065K, committed 10944K, reserved 1048576K
}
Event: 5372.677 GC heap before
{Heap before GC invocations=3111 (full 5):
 PSYoungGen      total 9728K, used 8612K [0x00000000d5580000, 0x00000000d6400000, 0x0000000100000000)
  eden space 7680K, 100% used [0x00000000d5580000,0x00000000d5d00000,0x00000000d5d00000)
  from space 2048K, 45% used [0x00000000d6080000,0x00000000d6169210,0x00000000d6280000)
  to   space 1536K, 0% used [0x00000000d6280000,0x00000000d6280000,0x00000000d6400000)
 ParOldGen       total 945664K, used 945591K [0x0000000080000000, 0x00000000b9b80000, 0x00000000d5580000)
  object space 945664K, 99% used [0x0000000080000000,0x00000000b9b6dc58,0x00000000b9b80000)
 Metaspace       used 96255K, committed 98112K, reserved 1179648K
  class space    used 10065K, committed 10944K, reserved 1048576K
}
Event: 5372.691 GC heap after
{Heap after GC invocations=3111 (full 5):
 PSYoungGen      total 8704K, used 868K [0x00000000d5580000, 0x00000000d6380000, 0x0000000100000000)
  eden space 7680K, 0% used [0x00000000d5580000,0x00000000d5580000,0x00000000d5d00000)
  from space 1024K, 84% used [0x00000000d6280000,0x00000000d6359210,0x00000000d6380000)
  to   space 1024K, 0% used [0x00000000d6180000,0x00000000d6180000,0x00000000d6280000)
 ParOldGen       total 946688K, used 946436K [0x0000000080000000, 0x00000000b9c80000, 0x00000000d5580000)
  object space 946688K, 99% used [0x0000000080000000,0x00000000b9c41218,0x00000000b9c80000)
 Metaspace       used 96255K, committed 98112K, reserved 1179648K
  class space    used 10065K, committed 10944K, reserved 1048576K
}

