# JRE version: Java(TM) SE Runtime Environment (21.0.5+9) (build 21.0.5+9-LTS-239)
# Java VM: Java HotSpot(TM) 64-Bit Server VM (21.0.5+9-LTS-239, mixed mode, sharing, tiered, compressed oops, compressed class ptrs, g1 gc, windows-amd64)
GC Precious Log:
 CardTable entry size: 512
 Card Set container configuration: InlinePtr #cards 5 size 8 Array Of Cards #cards 12 size 40 Howl #buckets 4 coarsen threshold 1843 Howl Bitmap #cards 512 size 80 coarsen threshold 460 Card regions per heap region 1 cards per card region 2048
 CPUs: 4 total, 4 available
 Memory: 3857M
 Large Page Support: Disabled
 NUMA Support: Disabled
 Compressed Oops: Enabled (32-bit)
 Heap Region Size: 1M
 Heap Min Capacity: 8M
 Heap Initial Capacity: 62M
 Heap Max Capacity: 966M
 Pre-touch: Disabled
 Parallel Workers: 4
 Concurrent Workers: 1
 Concurrent Refinement Workers: 4
 Periodic GC: Disabled
Heap:
 garbage-first heap   total 58368K, used 32194K [0x00000000c3a00000, 0x0000000100000000)
  region size 1024K, 19 young (19456K), 2 survivors (2048K)
 Metaspace       used 23679K, committed 24064K, reserved 1114112K
  class space    used 2879K, committed 3072K, reserved 1048576K
GC Heap History (10 events):
Event: 0.934 GC heap before
{Heap before GC invocations=0 (full 0):
 garbage-first heap   total 63488K, used 14336K [0x00000000c3a00000, 0x0000000100000000)
  region size 1024K, 13 young (13312K), 0 survivors (0K)
 Metaspace       used 2956K, committed 3136K, reserved 1114112K
  class space    used 312K, committed 384K, reserved 1048576K
}
Event: 0.951 GC heap after
{Heap after GC invocations=1 (full 0):
 garbage-first heap   total 63488K, used 7407K [0x00000000c3a00000, 0x0000000100000000)
  region size 1024K, 2 young (2048K), 2 survivors (2048K)
 Metaspace       used 2956K, committed 3136K, reserved 1114112K
  class space    used 312K, committed 384K, reserved 1048576K
}
Event: 1.549 GC heap before
{Heap before GC invocations=1 (full 0):
 garbage-first heap   total 63488K, used 18671K [0x00000000c3a00000, 0x0000000100000000)
  region size 1024K, 13 young (13312K), 2 survivors (2048K)
 Metaspace       used 6455K, committed 6720K, reserved 1114112K
  class space    used 776K, committed 896K, reserved 1048576K
}
Event: 1.556 GC heap after
{Heap after GC invocations=2 (full 0):
 garbage-first heap   total 63488K, used 8647K [0x00000000c3a00000, 0x0000000100000000)
  region size 1024K, 2 young (2048K), 2 survivors (2048K)
 Metaspace       used 6455K, committed 6720K, reserved 1114112K
  class space    used 776K, committed 896K, reserved 1048576K
}
Event: 2.925 GC heap before
{Heap before GC invocations=2 (full 0):
 garbage-first heap   total 63488K, used 32199K [0x00000000c3a00000, 0x0000000100000000)
  region size 1024K, 26 young (26624K), 2 survivors (2048K)
 Metaspace       used 13183K, committed 13504K, reserved 1114112K
  class space    used 1591K, committed 1728K, reserved 1048576K
}
Event: 2.930 GC heap after
{Heap after GC invocations=3 (full 0):
 garbage-first heap   total 63488K, used 11003K [0x00000000c3a00000, 0x0000000100000000)
  region size 1024K, 4 young (4096K), 4 survivors (4096K)
 Metaspace       used 13183K, committed 13504K, reserved 1114112K
  class space    used 1591K, committed 1728K, reserved 1048576K
}
Event: 4.654 GC heap before
{Heap before GC invocations=3 (full 0):
 garbage-first heap   total 63488K, used 42747K [0x00000000c3a00000, 0x0000000100000000)
  region size 1024K, 36 young (36864K), 4 survivors (4096K)
 Metaspace       used 19533K, committed 19968K, reserved 1114112K
  class space    used 2361K, committed 2560K, reserved 1048576K
}
Event: 4.665 GC heap after
{Heap after GC invocations=4 (full 0):
 garbage-first heap   total 63488K, used 14505K [0x00000000c3a00000, 0x0000000100000000)
  region size 1024K, 5 young (5120K), 5 survivors (5120K)
 Metaspace       used 19533K, committed 19968K, reserved 1114112K
  class space    used 2361K, committed 2560K, reserved 1048576K
}
Event: 5.319 GC heap before
{Heap before GC invocations=4 (full 0):
 garbage-first heap   total 63488K, used 29865K [0x00000000c3a00000, 0x0000000100000000)
  region size 1024K, 21 young (21504K), 5 survivors (5120K)
 Metaspace       used 21128K, committed 21504K, reserved 1114112K
  class space    used 2557K, committed 2752K, reserved 1048576K
}
Event: 5.333 GC heap after
{Heap after GC invocations=5 (full 0):
 garbage-first heap   total 63488K, used 15810K [0x00000000c3a00000, 0x0000000100000000)
  region size 1024K, 2 young (2048K), 2 survivors (2048K)
 Metaspace       used 21128K, committed 21504K, reserved 1114112K
  class space    used 2557K, committed 2752K, reserved 1048576K
}

